#
# A fatal error has been detected by the Java Runtime Environment:
#
#  EXCEPTION_ACCESS_VIOLATION (0xc0000005) at pc=0x4e35c059, pid=2892, tid=2708
#
# JRE version: 7.0_04-b22
# Java VM: Java HotSpot(TM) Client VM (23.0-b21 mixed mode windows-x86 )
# Problematic frame:
# C  [OpenAL32.dll+0xc059]  alcCloseDevice+0x52fe
#
# Failed to write core dump. Minidumps are not enabled by default on client versions of Windows
#
# If you would like to submit a bug report, please visit:
#   http://bugreport.sun.com/bugreport/crash.jsp
#

---------------  T H R E A D  ---------------

Current thread (0x4949fc00):  VMThread [stack: 0x49270000,0x492c0000] [id=2708]

siginfo: ExceptionCode=0xc0000005, reading address 0x4a47be30

Registers:
EAX=0x4a47be30, EBX=0x4e350000, ECX=0x49f721f0, EDX=0x00000000
ESP=0x492bf7d0, EBP=0x492bf82c, ESI=0x49f721d0, EDI=0x49f721a0
EIP=0x4e35c059, EFLAGS=0x00010202

Top of Stack: (sp=0x492bf7d0)
0x492bf7d0:   00000001 49f721a0 4e356db2 49f721a0
0x492bf7e0:   00000000 4e356dee 49f721a0 4e356e1f
0x492bf7f0:   4e360328 4e350000 00000000 00000001
0x492bf800:   1820a27f 00000000 492bf84c 001a4440
0x492bf810:   00000001 492bf800 492bf3e4 492bf8cc
0x492bf820:   4e361ff0 1f3cbc63 00000000 492bf838
0x492bf830:   4e3603d0 4e350000 492bf858 7c9111a7
0x492bf840:   4e350000 00000000 00000001 001a4440 

Instructions: (pc=0x4e35c059)
0x4e35c039:   00 00 c9 c3 56 57 8b 7c 24 0c 8b 77 20 ff 76 10
0x4e35c049:   c7 46 0c 01 00 00 00 e8 4f f0 ff ff 8b 46 08 59
0x4e35c059:   8b 08 50 ff 51 08 8b 46 04 85 c0 74 06 8b 08 50
0x4e35c069:   ff 51 08 8b 06 8b 08 50 ff 51 08 56 e8 70 0d 00 


Register to memory mapping:

EAX=
[error occurred during error reporting (printing register info), id 0xc0000005]

Stack: [0x49270000,0x492c0000],  sp=0x492bf7d0,  free space=317k
Native frames: (J=compiled Java code, j=interpreted, Vv=VM code, C=native code)
C  [OpenAL32.dll+0xc059]  alcCloseDevice+0x52fe
C  [OpenAL32.dll+0x103d0]
C  [ntdll.dll+0x11a7]  LdrInitializeThunk+0x29
C  [ntdll.dll+0x23f31]  LdrShutdownProcess+0x142
C  [kernel32.dll+0x1ca3e]  IsValidLocale+0x8eb
C  [kernel32.dll+0x1cab6]  ExitProcess+0x14
C  [msvcr100.dll+0x27ec3]  IsExceptionObjectToBeDestroyed+0x2ac
C  [msvcr100.dll+0x27fe0]  IsExceptionObjectToBeDestroyed+0x3c9
C  [msvcr100.dll+0x28051]  exit+0x11
V  [jvm.dll+0x128572]
V  [jvm.dll+0x14e78d]
V  [jvm.dll+0x14d94e]
V  [jvm.dll+0x14dcd7]
V  [jvm.dll+0x14e1b2]
V  [jvm.dll+0x17df89]
C  [msvcr100.dll+0x5c6de]  endthreadex+0x3a
C  [msvcr100.dll+0x5c788]  endthreadex+0xe4
C  [kernel32.dll+0xb50b]  GetModuleFileNameA+0x1b4

VM_Operation (0x4a15ee90): Exit, mode: safepoint, requested by thread 0x4988fc00


---------------  P R O C E S S  ---------------

Java Threads: ( => current thread )
  0x4a6dc400 JavaThread "Thread-10" [_thread_blocked, id=1764, stack(0x4e300000,0x4e350000)]
  0x49b0a400 JavaThread "Thread-9" [_thread_blocked, id=1748, stack(0x4e2b0000,0x4e300000)]
  0x003b8c00 JavaThread "DestroyJavaVM" [_thread_blocked, id=952, stack(0x00900000,0x00950000)]
  0x495b0800 JavaThread "Minecraft main thread" [_thread_blocked, id=3672, stack(0x4b430000,0x4b480000)]
  0x495b0400 JavaThread "Timer hack thread" daemon [_thread_blocked, id=1284, stack(0x4a160000,0x4a1b0000)]
  0x4a843c00 JavaThread "Snooper Timer" daemon [_thread_blocked, id=2972, stack(0x4b3e0000,0x4b430000)]
  0x49962000 JavaThread "Thread-3" [_thread_blocked, id=3108, stack(0x4a240000,0x4a290000)]
  0x4988fc00 JavaThread "AWT-EventQueue-0" [_thread_blocked, id=2544, stack(0x4a110000,0x4a160000)]
  0x497e8400 JavaThread "AWT-Shutdown" [_thread_blocked, id=2348, stack(0x49fd0000,0x4a020000)]
  0x497e7000 JavaThread "Java2D Disposer" daemon [_thread_blocked, id=2908, stack(0x49f80000,0x49fd0000)]
  0x494eb800 JavaThread "Service Thread" daemon [_thread_blocked, id=1404, stack(0x496d0000,0x49720000)]
  0x494e6400 JavaThread "C1 CompilerThread0" daemon [_thread_blocked, id=2884, stack(0x49680000,0x496d0000)]
  0x494e4800 JavaThread "Attach Listener" daemon [_thread_blocked, id=2904, stack(0x49630000,0x49680000)]
  0x494e1800 JavaThread "Surrogate Locker Thread (Concurrent GC)" daemon [_thread_blocked, id=3028, stack(0x49360000,0x493b0000)]
  0x494aa000 JavaThread "Finalizer" daemon [_thread_blocked, id=640, stack(0x49310000,0x49360000)]
  0x494a5000 JavaThread "Reference Handler" daemon [_thread_blocked, id=2496, stack(0x492c0000,0x49310000)]

Other Threads:
=>0x4949fc00 VMThread [stack: 0x49270000,0x492c0000] [id=2708]

VM state:at safepoint (shutting down)

VM Mutex/Monitor currently owned by a thread:  ([mutex/lock_event])
[0x003b7930] Threads_lock - owner thread: 0x4949fc00

Heap
 par new generation   total 118016K, used 95641K [0x02b80000, 0x0ab80000, 0x0ab80000)
  eden space 104960K,  82% used [0x02b80000, 0x07fae988, 0x09200000)
  from space 13056K,  72% used [0x09200000, 0x09b37d90, 0x09ec0000)
  to   space 13056K,   0% used [0x09ec0000, 0x09ec0000, 0x0ab80000)
 concurrent mark-sweep generation total 917504K, used 24147K [0x0ab80000, 0x42b80000, 0x42b80000)
 concurrent-mark-sweep perm gen total 23276K, used 16885K [0x42b80000, 0x4423b000, 0x46b80000)

Code Cache  [0x00960000, 0x00cc8000, 0x02960000)
 total_blobs=1763 nmethods=1412 adapters=285 free_code_cache=29290Kb largest_free_block=29991936

Compilation events (10 events):
Event: 79.894 Thread 0x494e6400 1411             com.google.common.base.Joiner::toString (24 bytes)
Event: 79.895 Thread 0x494e6400 nmethod 1411 0x00cc4a88 code [0x00cc4bb0, 0x00cc4d68]
Event: 79.904 Thread 0x494e6400 1412             com.google.common.base.Joiner::appendTo (73 bytes)
Event: 79.904 Thread 0x494e6400 nmethod 1412 0x00cc4e48 code [0x00cc4fe0, 0x00cc51f8]
Event: 80.111 Thread 0x494e6400 1413             cpw.mods.fml.common.LoaderState$ModState::toString (5 bytes)
Event: 80.111 Thread 0x494e6400 nmethod 1413 0x00cc5408 code [0x00cc5500, 0x00cc5580]
Event: 81.822 Thread 0x494e6400 1414             java.nio.HeapByteBuffer::get (14 bytes)
Event: 81.823 Thread 0x494e6400 nmethod 1414 0x00cc55c8 code [0x00cc56d0, 0x00cc57fc]
Event: 82.762 Thread 0x494e6400 1415             java.nio.Buffer::nextPutIndex (31 bytes)
Event: 82.762 Thread 0x494e6400 nmethod 1415 0x00cc5948 code [0x00cc5a50, 0x00cc5b4c]

GC Heap History (4 events):
Event: 17.740 GC heap before
{Heap before GC invocations=0 (full 0):
 par new generation   total 118016K, used 104960K [0x02b80000, 0x0ab80000, 0x0ab80000)
  eden space 104960K, 100% used [0x02b80000, 0x09200000, 0x09200000)
  from space 13056K,   0% used [0x09200000, 0x09200000, 0x09ec0000)
  to   space 13056K,   0% used [0x09ec0000, 0x09ec0000, 0x0ab80000)
 concurrent mark-sweep generation total 917504K, used 0K [0x0ab80000, 0x42b80000, 0x42b80000)
 concurrent-mark-sweep perm gen total 12288K, used 11932K [0x42b80000, 0x43780000, 0x46b80000)
Event: 17.805 GC heap after
Heap after GC invocations=1 (full 0):
 par new generation   total 118016K, used 13056K [0x02b80000, 0x0ab80000, 0x0ab80000)
  eden space 104960K,   0% used [0x02b80000, 0x02b80000, 0x09200000)
  from space 13056K, 100% used [0x09ec0000, 0x0ab80000, 0x0ab80000)
  to   space 13056K,   0% used [0x09200000, 0x09200000, 0x09ec0000)
 concurrent mark-sweep generation total 917504K, used 12273K [0x0ab80000, 0x42b80000, 0x42b80000)
 concurrent-mark-sweep perm gen total 12288K, used 11932K [0x42b80000, 0x43780000, 0x46b80000)
}
Event: 53.581 GC heap before
{Heap before GC invocations=1 (full 1):
 par new generation   total 118016K, used 118016K [0x02b80000, 0x0ab80000, 0x0ab80000)
  eden space 104960K, 100% used [0x02b80000, 0x09200000, 0x09200000)
  from space 13056K, 100% used [0x09ec0000, 0x0ab80000, 0x0ab80000)
  to   space 13056K,   0% used [0x09200000, 0x09200000, 0x09ec0000)
 concurrent mark-sweep generation total 917504K, used 11250K [0x0ab80000, 0x42b80000, 0x42b80000)
 concurrent-mark-sweep perm gen total 23276K, used 14582K [0x42b80000, 0x4423b000, 0x46b80000)
Event: 53.645 GC heap after
Heap after GC invocations=2 (full 1):
 par new generation   total 118016K, used 9439K [0x02b80000, 0x0ab80000, 0x0ab80000)
  eden space 104960K,   0% used [0x02b80000, 0x02b80000, 0x09200000)
  from space 13056K,  72% used [0x09200000, 0x09b37d90, 0x09ec0000)
  to   space 13056K,   0% used [0x09ec0000, 0x09ec0000, 0x0ab80000)
 concurrent mark-sweep generation total 917504K, used 24147K [0x0ab80000, 0x42b80000, 0x42b80000)
 concurrent-mark-sweep perm gen total 23276K, used 14582K [0x42b80000, 0x4423b000, 0x46b80000)
}

Deoptimization events (0 events):
No events

Internal exceptions (10 events):
Event: 56.027 Thread 0x495b0800 Threw 0x05229da8 at C:\jdk7u2_32P\jdk7u4\hotspot\src\share\vm\runtime\sharedRuntime.cpp:613
Event: 63.578 Thread 0x49b0a400 Threw 0x03ed8020 at C:\jdk7u2_32P\jdk7u4\hotspot\src\share\vm\prims\jvm.cpp:2888
Event: 63.888 Thread 0x49b0a400 Threw 0x05f75840 at C:\jdk7u2_32P\jdk7u4\hotspot\src\share\vm\prims\jvm.cpp:2846
Event: 63.888 Thread 0x49b0a400 Threw 0x05f759a0 at C:\jdk7u2_32P\jdk7u4\hotspot\src\share\vm\prims\jvm.cpp:2888
Event: 65.256 Thread 0x49b0a400 Threw 0x05f75d78 at C:\jdk7u2_32P\jdk7u4\hotspot\src\share\vm\prims\jvm.cpp:2888
Event: 65.256 Thread 0x49b0a400 Threw 0x05f769f8 at C:\jdk7u2_32P\jdk7u4\hotspot\src\share\vm\prims\jvm.cpp:2846
Event: 67.001 Thread 0x49b0a400 Threw 0x05f76b58 at C:\jdk7u2_32P\jdk7u4\hotspot\src\share\vm\prims\jvm.cpp:2888
Event: 67.001 Thread 0x49b0a400 Threw 0x05f777a8 at C:\jdk7u2_32P\jdk7u4\hotspot\src\share\vm\prims\jvm.cpp:2846
Event: 81.208 Thread 0x49b0a400 Threw 0x05f77908 at C:\jdk7u2_32P\jdk7u4\hotspot\src\share\vm\prims\jvm.cpp:2888
Event: 81.208 Thread 0x49b0a400 Threw 0x05f78578 at C:\jdk7u2_32P\jdk7u4\hotspot\src\share\vm\prims\jvm.cpp:2846

Events (10 events):
Event: 83.282 Thread 0x4992e400 Thread exited: 0x4992e400
Event: 83.282 Thread 0x4a586000 Thread exited: 0x4a586000
Event: 83.283 loading class 0x498674d0
Event: 83.283 loading class 0x498674d0 done
Event: 83.284 Thread 0x4a587800 Thread exited: 0x4a587800
Event: 83.288 Thread 0x4a584800 Thread exited: 0x4a584800
Event: 83.361 Thread 0x497e9c00 Thread exited: 0x497e9c00
Event: 83.383 Thread 0x495bac00 Thread exited: 0x495bac00
Event: 83.383 Thread 0x494e3000 Thread exited: 0x494e3000
Event: 83.384 Executing VM operation: Exit


Dynamic libraries:
0x00400000 - 0x0042f000 	D:\Programme (x86)\Java\jre7\bin\javaw.exe
0x7c910000 - 0x7c9c7000 	C:\WINDOWS\system32\ntdll.dll
0x7c800000 - 0x7c906000 	C:\WINDOWS\system32\kernel32.dll
0x77da0000 - 0x77e4a000 	C:\WINDOWS\system32\ADVAPI32.dll
0x77e50000 - 0x77ee1000 	C:\WINDOWS\system32\RPCRT4.dll
0x77d10000 - 0x77da0000 	C:\WINDOWS\system32\USER32.dll
0x77ef0000 - 0x77f36000 	C:\WINDOWS\system32\GDI32.dll
0x773a0000 - 0x774a2000 	C:\WINDOWS\WinSxS\x86_Microsoft.Windows.Common-Controls_6595b64144ccf1df_6.0.2600.2180_x-ww_a84f1ff9\COMCTL32.dll
0x77be0000 - 0x77c38000 	C:\WINDOWS\system32\msvcrt.dll
0x77f40000 - 0x77fb6000 	C:\WINDOWS\system32\SHLWAPI.dll
0x78aa0000 - 0x78b5e000 	D:\Programme (x86)\Java\jre7\bin\msvcr100.dll
0x6d880000 - 0x6dbca000 	D:\Programme (x86)\Java\jre7\bin\client\jvm.dll
0x71a30000 - 0x71a3a000 	C:\WINDOWS\system32\WSOCK32.dll
0x71a10000 - 0x71a27000 	C:\WINDOWS\system32\WS2_32.dll
0x71a00000 - 0x71a08000 	C:\WINDOWS\system32\WS2HELP.dll
0x76af0000 - 0x76b1e000 	C:\WINDOWS\system32\WINMM.dll
0x76bb0000 - 0x76bbb000 	C:\WINDOWS\system32\PSAPI.DLL
0x6d810000 - 0x6d81c000 	D:\Programme (x86)\Java\jre7\bin\verify.dll
0x6d2f0000 - 0x6d310000 	D:\Programme (x86)\Java\jre7\bin\java.dll
0x6d860000 - 0x6d873000 	D:\Programme (x86)\Java\jre7\bin\zip.dll
0x6d000000 - 0x6d142000 	D:\Programme (x86)\Java\jre7\bin\awt.dll
0x770f0000 - 0x7717c000 	C:\WINDOWS\system32\OLEAUT32.dll
0x774b0000 - 0x775ed000 	C:\WINDOWS\system32\ole32.dll
0x5b0f0000 - 0x5b128000 	C:\WINDOWS\system32\uxtheme.dll
0x746a0000 - 0x746eb000 	C:\WINDOWS\system32\MSCTF.dll
0x7c9d0000 - 0x7d1ee000 	C:\WINDOWS\system32\SHELL32.dll
0x6d240000 - 0x6d26a000 	D:\Programme (x86)\Java\jre7\bin\fontmanager.dll
0x77bd0000 - 0x77bd8000 	C:\WINDOWS\system32\VERSION.dll
0x6d610000 - 0x6d624000 	D:\Programme (x86)\Java\jre7\bin\net.dll
0x6d630000 - 0x6d63f000 	D:\Programme (x86)\Java\jre7\bin\nio.dll
0x6d7b0000 - 0x6d7e1000 	D:\Programme (x86)\Java\jre7\bin\t2k.dll
0x76330000 - 0x7634d000 	C:\WINDOWS\system32\IMM32.dll
0x6d180000 - 0x6d1a4000 	D:\Programme (x86)\Java\jre7\bin\dcpr.dll
0x4ad50000 - 0x4adbb000 	D:\Projekte\Minecraft1.3.2\jars\bin\natives\lwjgl.dll
0x5f0d0000 - 0x5f19c000 	C:\WINDOWS\system32\OPENGL32.dll
0x68fc0000 - 0x68fe0000 	C:\WINDOWS\system32\GLU32.dll
0x736d0000 - 0x73719000 	C:\WINDOWS\system32\DDRAW.dll
0x73b30000 - 0x73b36000 	C:\WINDOWS\system32\DCIMAN32.dll
0x4b2d0000 - 0x4b2f8000 	C:\WINDOWS\system32\rsaenh.dll
0x76620000 - 0x766d5000 	C:\WINDOWS\system32\USERENV.dll
0x597d0000 - 0x59824000 	C:\WINDOWS\system32\netapi32.dll
0x719b0000 - 0x719f0000 	C:\WINDOWS\System32\mswsock.dll
0x76ee0000 - 0x76f07000 	C:\WINDOWS\system32\DNSAPI.dll
0x76f70000 - 0x76f78000 	C:\WINDOWS\System32\winrnr.dll
0x76f20000 - 0x76f4d000 	C:\WINDOWS\system32\WLDAP32.dll
0x66210000 - 0x66219000 	C:\WINDOWS\system32\netware\NWWS2NDS.DLL
0x50d50000 - 0x50d85000 	C:\WINDOWS\system32\NETWIN32.DLL
0x50d00000 - 0x50d16000 	C:\WINDOWS\system32\CLNWIN32.DLL
0x50df0000 - 0x50e15000 	C:\WINDOWS\system32\LOCWIN32.dll
0x50db0000 - 0x50de5000 	C:\WINDOWS\system32\NCPWIN32.dll
0x66220000 - 0x6622c000 	C:\WINDOWS\system32\netware\NWWS2SLP.DLL
0x66250000 - 0x66256000 	C:\WINDOWS\system32\NWSRVLOC.dll
0x76f80000 - 0x76f86000 	C:\WINDOWS\system32\rasadhlp.dll
0x6d320000 - 0x6d326000 	D:\Programme (x86)\Java\jre7\bin\jawt.dll
0x69500000 - 0x69e43000 	C:\WINDOWS\system32\nvoglnt.dll
0x4e350000 - 0x4e479000 	D:\Projekte\Minecraft1.3.2\jars\bin\natives\OpenAL32.dll
0x73e70000 - 0x73ecc000 	C:\WINDOWS\system32\dsound.dll
0x76bf0000 - 0x76c1e000 	C:\WINDOWS\system32\WINTRUST.dll
0x77a50000 - 0x77ae5000 	C:\WINDOWS\system32\CRYPT32.dll
0x77af0000 - 0x77b02000 	C:\WINDOWS\system32\MSASN1.dll
0x76c50000 - 0x76c78000 	C:\WINDOWS\system32\IMAGEHLP.dll
0x72c90000 - 0x72c99000 	C:\WINDOWS\system32\wdmaud.drv
0x72c80000 - 0x72c88000 	C:\WINDOWS\system32\msacm32.drv
0x77bb0000 - 0x77bc5000 	C:\WINDOWS\system32\MSACM32.dll
0x77ba0000 - 0x77ba7000 	C:\WINDOWS\system32\midimap.dll
0x73e40000 - 0x73e44000 	C:\WINDOWS\system32\KsUser.dll
0x66710000 - 0x66769000 	C:\WINDOWS\system32\hnetcfg.dll
0x719f0000 - 0x719f8000 	C:\WINDOWS\System32\wshtcpip.dll
0x6d570000 - 0x6d57a000 	D:\Programme (x86)\Java\jre7\bin\management.dll
0x59dd0000 - 0x59e71000 	C:\WINDOWS\system32\dbghelp.dll

VM Arguments:
jvm_args: -Xincgc -Xmx1024M -Xms1024M -Djava.library.path=D:\Projekte\Minecraft1.3.2\jars\bin\natives;D:\Projekte\Minecraft1.3.2\jars\bin\natives;D:\Projekte\Minecraft1.3.2\jars\bin\natives -Dfile.encoding=Cp1252 
java_command: Start
Launcher Type: SUN_STANDARD

Environment Variables:
PATH=C:/Programme/Java/jre1.5.0_11/bin/client;C:/Programme/Java/jre1.5.0_11/bin;C:/Programme/Java/jre1.5.0_11/lib/i386;C:\WINDOWS;C:\WINDOWS\system32;C:\WINDOWS;C:\WINDOWS\System32\Wbem;C:\WINDOWS\system32\nls;C:\WINDOWS\system32\nls\DEUTSCH;C:\Programme\Novell\ZENworks\;C:\Programme\Autodesk\DWG TrueView\;Z:.;;C:\Dokumente und Einstellungen\EmmerichN.R409-P09\Desktop\eclipse;
USERNAME=EmmerichN
OS=Windows_NT
PROCESSOR_IDENTIFIER=x86 Family 15 Model 6 Stepping 4, GenuineIntel



---------------  S Y S T E M  ---------------

OS: Windows XP Build 2600 Service Pack 2

CPU:total 2 (2 cores per cpu, 1 threads per core) family 15 model 6 stepping 4, cmov, cx8, fxsr, mmx, sse, sse2, sse3, tsc

Memory: 4k page, physical 2096300k(876572k free), swap 4038380k(1985008k free)

vm_info: Java HotSpot(TM) Client VM (23.0-b21) for windows-x86 JRE (1.7.0_04-b22), built on May  3 2012 00:03:48 by "java_re" with unknown MS VC++:1600

time: Fri Oct 12 08:20:57 2012
elapsed time: 83 seconds

