2012-10-12 08:19:37 [INFO] [ForgeModLoader] Forge Mod Loader version 3.1.35.394 for Minecraft client:1.3.2, server:1.3.2 loading
2012-10-12 08:19:37 [FINEST] [ForgeModLoader] All core mods are successfully located
2012-10-12 08:19:37 [FINEST] [ForgeModLoader] Discovering coremods
2012-10-12 08:19:37 [FINEST] [ForgeModLoader] Found library file argo-2.25.jar present and correct in lib dir

2012-10-12 08:19:37 [FINEST] [ForgeModLoader] Found library file guava-12.0.1.jar present and correct in lib dir

2012-10-12 08:19:37 [FINEST] [ForgeModLoader] Found library file asm-all-4.0.jar present and correct in lib dir

2012-10-12 08:19:38 [FINEST] [ForgeModLoader] Running coremod plugins
2012-10-12 08:19:38 [FINEST] [ForgeModLoader] Running coremod plugin FMLCorePlugin
2012-10-12 08:19:38 [FINEST] [ForgeModLoader] Coremod plugin FMLCorePlugin run successfully
2012-10-12 08:19:38 [FINEST] [ForgeModLoader] Running coremod plugin FMLForgePlugin
2012-10-12 08:19:38 [FINEST] [ForgeModLoader] Coremod plugin FMLForgePlugin run successfully
2012-10-12 08:19:38 [FINEST] [ForgeModLoader] Validating minecraft
2012-10-12 08:19:38 [FINEST] [ForgeModLoader] Minecraft validated, launching...
2012-10-12 08:19:48 [INFO] [STDOUT] 27 achievements
2012-10-12 08:19:50 [INFO] [STDOUT] 195 recipes
2012-10-12 08:19:51 [INFO] [STDOUT] Setting user: Player419, -
2012-10-12 08:19:51 [INFO] [STDERR] Client asked for parameter: server
2012-10-12 08:19:51 [INFO] [STDOUT] LWJGL Version: 2.4.2
2012-10-12 08:19:58 [INFO] [ForgeModLoader] Attempting early MinecraftForge initialization
2012-10-12 08:19:58 [INFO] [STDOUT] MinecraftForge v4.2.5.303 Initialized
2012-10-12 08:19:58 [INFO] [ForgeModLoader] MinecraftForge v4.2.5.303 Initialized
2012-10-12 08:19:58 [INFO] [ForgeModLoader] Completed early MinecraftForge initialization
2012-10-12 08:19:59 [FINE] [ForgeModLoader] Building injected Mod Containers [cpw.mods.fml.common.FMLDummyContainer, net.minecraftforge.common.ForgeDummyContainer]
2012-10-12 08:19:59 [FINE] [ForgeModLoader] Attempting to load mods contained in the minecraft jar file and associated classes
2012-10-12 08:19:59 [FINE] [ForgeModLoader] Found a minecraft related directory at D:\Projekte\Minecraft1.3.2\eclipse\Minecraft\bin, examining for mod candidates
2012-10-12 08:19:59 [FINE] [ForgeModLoader] Skipping known library file D:\Projekte\Minecraft1.3.2\jars\bin\jinput.jar
2012-10-12 08:19:59 [FINE] [ForgeModLoader] Skipping known library file D:\Projekte\Minecraft1.3.2\jars\bin\lwjgl_util.jar
2012-10-12 08:19:59 [FINE] [ForgeModLoader] Skipping known library file D:\Projekte\Minecraft1.3.2\jars\bin\lwjgl.jar
2012-10-12 08:19:59 [FINE] [ForgeModLoader] Found a minecraft related file at D:\Projekte\Minecraft1.3.2\jars\bin\minecraft.jar, examining for mod candidates
2012-10-12 08:19:59 [FINE] [ForgeModLoader] Skipping known library file D:\Projekte\Minecraft1.3.2\lib\argo-2.25.jar
2012-10-12 08:19:59 [FINE] [ForgeModLoader] Skipping known library file D:\Projekte\Minecraft1.3.2\lib\asm-all-4.0.jar
2012-10-12 08:19:59 [FINE] [ForgeModLoader] Skipping known library file D:\Projekte\Minecraft1.3.2\lib\guava-12.0.1.jar
2012-10-12 08:19:59 [FINE] [ForgeModLoader] Skipping known library file D:\Projekte\Minecraft1.3.2\jars\lib\argo-2.25.jar
2012-10-12 08:19:59 [FINE] [ForgeModLoader] Skipping known library file D:\Projekte\Minecraft1.3.2\jars\lib\guava-12.0.1.jar
2012-10-12 08:19:59 [FINE] [ForgeModLoader] Skipping known library file D:\Projekte\Minecraft1.3.2\jars\lib\asm-all-4.0.jar
2012-10-12 08:19:59 [FINE] [ForgeModLoader] Minecraft jar mods loaded successfully
2012-10-12 08:19:59 [INFO] [ForgeModLoader] Searching D:\Projekte\Minecraft1.3.2\jars\mods for mods
2012-10-12 08:19:59 [FINE] [ForgeModLoader] Examining directory bin for potential mods
2012-10-12 08:19:59 [FINE] [ForgeModLoader] No mcmod.info file found in directory bin
2012-10-12 08:19:59 [FINEST] [ForgeModLoader] Recursing into package cpw
2012-10-12 08:19:59 [FINEST] [ForgeModLoader] Recursing into package cpw.mods
2012-10-12 08:19:59 [FINEST] [ForgeModLoader] Recursing into package cpw.mods.fml
2012-10-12 08:19:59 [FINEST] [ForgeModLoader] Recursing into package cpw.mods.fml.client
2012-10-12 08:19:59 [FINEST] [ForgeModLoader] Recursing into package cpw.mods.fml.client.modloader
2012-10-12 08:19:59 [FINEST] [ForgeModLoader] Recursing into package cpw.mods.fml.client.registry
2012-10-12 08:19:59 [FINEST] [ForgeModLoader] Recursing into package cpw.mods.fml.common
2012-10-12 08:19:59 [FINEST] [ForgeModLoader] Recursing into package cpw.mods.fml.common.asm
2012-10-12 08:20:00 [FINEST] [ForgeModLoader] Recursing into package cpw.mods.fml.common.asm.transformers
2012-10-12 08:20:00 [FINEST] [ForgeModLoader] Recursing into package cpw.mods.fml.common.discovery
2012-10-12 08:20:00 [FINEST] [ForgeModLoader] Recursing into package cpw.mods.fml.common.discovery.asm
2012-10-12 08:20:00 [FINEST] [ForgeModLoader] Recursing into package cpw.mods.fml.common.event
2012-10-12 08:20:00 [FINEST] [ForgeModLoader] Recursing into package cpw.mods.fml.common.functions
2012-10-12 08:20:00 [FINEST] [ForgeModLoader] Recursing into package cpw.mods.fml.common.modloader
2012-10-12 08:20:01 [FINEST] [ForgeModLoader] Recursing into package cpw.mods.fml.common.network
2012-10-12 08:20:01 [FINEST] [ForgeModLoader] Recursing into package cpw.mods.fml.common.registry
2012-10-12 08:20:01 [FINEST] [ForgeModLoader] Recursing into package cpw.mods.fml.common.toposort
2012-10-12 08:20:01 [FINEST] [ForgeModLoader] Recursing into package cpw.mods.fml.common.versioning
2012-10-12 08:20:01 [FINEST] [ForgeModLoader] Recursing into package cpw.mods.fml.relauncher
2012-10-12 08:20:01 [FINEST] [ForgeModLoader] Recursing into package cpw.mods.fml.server
2012-10-12 08:20:01 [FINEST] [ForgeModLoader] Recursing into package ibxm
2012-10-12 08:20:02 [FINEST] [ForgeModLoader] Recursing into package net
2012-10-12 08:20:02 [FINEST] [ForgeModLoader] Recursing into package net.minecraft
2012-10-12 08:20:02 [FINEST] [ForgeModLoader] Recursing into package net.minecraft.client
2012-10-12 08:20:02 [FINEST] [ForgeModLoader] Recursing into package net.minecraft.server
2012-10-12 08:20:02 [FINEST] [ForgeModLoader] Recursing into package net.minecraft.src
2012-10-12 08:20:18 [FINEST] [ForgeModLoader] Recursing into package net.minecraftforge
2012-10-12 08:20:18 [FINEST] [ForgeModLoader] Recursing into package net.minecraftforge.classloading
2012-10-12 08:20:18 [FINEST] [ForgeModLoader] Recursing into package net.minecraftforge.client
2012-10-12 08:20:18 [FINEST] [ForgeModLoader] Recursing into package net.minecraftforge.client.event
2012-10-12 08:20:18 [FINEST] [ForgeModLoader] Recursing into package net.minecraftforge.client.event.sound
2012-10-12 08:20:19 [FINEST] [ForgeModLoader] Recursing into package net.minecraftforge.common
2012-10-12 08:20:20 [FINEST] [ForgeModLoader] Recursing into package net.minecraftforge.event
2012-10-12 08:20:20 [FINEST] [ForgeModLoader] Recursing into package net.minecraftforge.event.entity
2012-10-12 08:20:20 [FINEST] [ForgeModLoader] Recursing into package net.minecraftforge.event.entity.item
2012-10-12 08:20:20 [FINEST] [ForgeModLoader] Recursing into package net.minecraftforge.event.entity.living
2012-10-12 08:20:20 [FINEST] [ForgeModLoader] Recursing into package net.minecraftforge.event.entity.minecart
2012-10-12 08:20:20 [FINEST] [ForgeModLoader] Recursing into package net.minecraftforge.event.entity.player
2012-10-12 08:20:20 [FINEST] [ForgeModLoader] Recursing into package net.minecraftforge.event.world
2012-10-12 08:20:20 [FINEST] [ForgeModLoader] Recursing into package net.minecraftforge.oredict
2012-10-12 08:20:20 [FINEST] [ForgeModLoader] Recursing into package net.minecraftforge.transformers
2012-10-12 08:20:20 [FINEST] [ForgeModLoader] Recursing into package org
2012-10-12 08:20:20 [FINEST] [ForgeModLoader] Recursing into package org.bouncycastle
2012-10-12 08:20:20 [FINEST] [ForgeModLoader] Recursing into package org.bouncycastle.asn1
2012-10-12 08:20:20 [FINEST] [ForgeModLoader] Recursing into package org.bouncycastle.asn1.bc
2012-10-12 08:20:20 [FINEST] [ForgeModLoader] Recursing into package org.bouncycastle.asn1.pkcs
2012-10-12 08:20:20 [FINEST] [ForgeModLoader] Recursing into package org.bouncycastle.crypto
2012-10-12 08:20:20 [FINEST] [ForgeModLoader] Recursing into package org.bouncycastle.crypto.engines
2012-10-12 08:20:20 [FINEST] [ForgeModLoader] Recursing into package org.bouncycastle.crypto.io
2012-10-12 08:20:20 [FINEST] [ForgeModLoader] Recursing into package org.bouncycastle.crypto.modes
2012-10-12 08:20:20 [FINEST] [ForgeModLoader] Recursing into package org.bouncycastle.crypto.params
2012-10-12 08:20:20 [FINEST] [ForgeModLoader] Recursing into package org.bouncycastle.jcajce
2012-10-12 08:20:20 [FINEST] [ForgeModLoader] Recursing into package org.bouncycastle.jcajce.provider
2012-10-12 08:20:20 [FINEST] [ForgeModLoader] Recursing into package org.bouncycastle.jcajce.provider.config
2012-10-12 08:20:20 [FINEST] [ForgeModLoader] Recursing into package org.bouncycastle.jcajce.provider.util
2012-10-12 08:20:20 [FINEST] [ForgeModLoader] Recursing into package org.bouncycastle.jce
2012-10-12 08:20:20 [FINEST] [ForgeModLoader] Recursing into package org.bouncycastle.jce.provider
2012-10-12 08:20:20 [FINEST] [ForgeModLoader] Recursing into package org.bouncycastle.util
2012-10-12 08:20:21 [FINEST] [ForgeModLoader] Recursing into package paulscode
2012-10-12 08:20:21 [FINEST] [ForgeModLoader] Recursing into package paulscode.sound
2012-10-12 08:20:21 [FINEST] [ForgeModLoader] Recursing into package paulscode.sound.codecs
2012-10-12 08:20:21 [FINEST] [ForgeModLoader] Recursing into package powercraft
2012-10-12 08:20:21 [FINEST] [ForgeModLoader] Recursing into package powercraft.core
2012-10-12 08:20:21 [FINE] [ForgeModLoader] Identified a class powercraft.core.mod_PowerCreaftCore following modloader naming convention but not directly a BaseMod or currently seen subclass
2012-10-12 08:20:21 [FINE] [ForgeModLoader] Identified an FMLMod type mod powercraft.core.mod_PowerCreaftCore
2012-10-12 08:20:21 [FINEST] [ForgeModLoader] Parsed dependency info : [] [] []
2012-10-12 08:20:21 [INFO] [ForgeModLoader] Attempting to reparse the mod container bin
2012-10-12 08:20:21 [FINE] [ForgeModLoader] Examining directory bin for potential mods
2012-10-12 08:20:21 [FINE] [ForgeModLoader] No mcmod.info file found in directory bin
2012-10-12 08:20:21 [FINEST] [ForgeModLoader] Recursing into package cpw
2012-10-12 08:20:21 [FINEST] [ForgeModLoader] Recursing into package cpw.mods
2012-10-12 08:20:21 [FINEST] [ForgeModLoader] Recursing into package cpw.mods.fml
2012-10-12 08:20:21 [FINEST] [ForgeModLoader] Recursing into package cpw.mods.fml.client
2012-10-12 08:20:21 [FINEST] [ForgeModLoader] Recursing into package cpw.mods.fml.client.modloader
2012-10-12 08:20:21 [FINEST] [ForgeModLoader] Recursing into package cpw.mods.fml.client.registry
2012-10-12 08:20:21 [FINEST] [ForgeModLoader] Recursing into package cpw.mods.fml.common
2012-10-12 08:20:21 [FINEST] [ForgeModLoader] Recursing into package cpw.mods.fml.common.asm
2012-10-12 08:20:21 [FINEST] [ForgeModLoader] Recursing into package cpw.mods.fml.common.asm.transformers
2012-10-12 08:20:21 [FINEST] [ForgeModLoader] Recursing into package cpw.mods.fml.common.discovery
2012-10-12 08:20:21 [FINEST] [ForgeModLoader] Recursing into package cpw.mods.fml.common.discovery.asm
2012-10-12 08:20:21 [FINEST] [ForgeModLoader] Recursing into package cpw.mods.fml.common.event
2012-10-12 08:20:21 [FINEST] [ForgeModLoader] Recursing into package cpw.mods.fml.common.functions
2012-10-12 08:20:21 [FINEST] [ForgeModLoader] Recursing into package cpw.mods.fml.common.modloader
2012-10-12 08:20:21 [FINEST] [ForgeModLoader] Recursing into package cpw.mods.fml.common.network
2012-10-12 08:20:21 [FINEST] [ForgeModLoader] Recursing into package cpw.mods.fml.common.registry
2012-10-12 08:20:21 [FINEST] [ForgeModLoader] Recursing into package cpw.mods.fml.common.toposort
2012-10-12 08:20:21 [FINEST] [ForgeModLoader] Recursing into package cpw.mods.fml.common.versioning
2012-10-12 08:20:21 [FINEST] [ForgeModLoader] Recursing into package cpw.mods.fml.relauncher
2012-10-12 08:20:21 [FINEST] [ForgeModLoader] Recursing into package cpw.mods.fml.server
2012-10-12 08:20:21 [FINEST] [ForgeModLoader] Recursing into package ibxm
2012-10-12 08:20:21 [FINEST] [ForgeModLoader] Recursing into package net
2012-10-12 08:20:22 [FINEST] [ForgeModLoader] Recursing into package net.minecraft
2012-10-12 08:20:22 [FINEST] [ForgeModLoader] Recursing into package net.minecraft.client
2012-10-12 08:20:22 [FINEST] [ForgeModLoader] Recursing into package net.minecraft.server
2012-10-12 08:20:22 [FINEST] [ForgeModLoader] Recursing into package net.minecraft.src
2012-10-12 08:20:25 [FINEST] [ForgeModLoader] Recursing into package net.minecraftforge
2012-10-12 08:20:25 [FINEST] [ForgeModLoader] Recursing into package net.minecraftforge.classloading
2012-10-12 08:20:25 [FINEST] [ForgeModLoader] Recursing into package net.minecraftforge.client
2012-10-12 08:20:25 [FINEST] [ForgeModLoader] Recursing into package net.minecraftforge.client.event
2012-10-12 08:20:25 [FINEST] [ForgeModLoader] Recursing into package net.minecraftforge.client.event.sound
2012-10-12 08:20:25 [FINEST] [ForgeModLoader] Recursing into package net.minecraftforge.common
2012-10-12 08:20:25 [FINEST] [ForgeModLoader] Recursing into package net.minecraftforge.event
2012-10-12 08:20:25 [FINEST] [ForgeModLoader] Recursing into package net.minecraftforge.event.entity
2012-10-12 08:20:25 [FINEST] [ForgeModLoader] Recursing into package net.minecraftforge.event.entity.item
2012-10-12 08:20:25 [FINEST] [ForgeModLoader] Recursing into package net.minecraftforge.event.entity.living
2012-10-12 08:20:25 [FINEST] [ForgeModLoader] Recursing into package net.minecraftforge.event.entity.minecart
2012-10-12 08:20:25 [FINEST] [ForgeModLoader] Recursing into package net.minecraftforge.event.entity.player
2012-10-12 08:20:25 [FINEST] [ForgeModLoader] Recursing into package net.minecraftforge.event.world
2012-10-12 08:20:25 [FINEST] [ForgeModLoader] Recursing into package net.minecraftforge.oredict
2012-10-12 08:20:26 [FINEST] [ForgeModLoader] Recursing into package net.minecraftforge.transformers
2012-10-12 08:20:26 [FINEST] [ForgeModLoader] Recursing into package org
2012-10-12 08:20:26 [FINEST] [ForgeModLoader] Recursing into package org.bouncycastle
2012-10-12 08:20:26 [FINEST] [ForgeModLoader] Recursing into package org.bouncycastle.asn1
2012-10-12 08:20:26 [FINEST] [ForgeModLoader] Recursing into package org.bouncycastle.asn1.bc
2012-10-12 08:20:26 [FINEST] [ForgeModLoader] Recursing into package org.bouncycastle.asn1.pkcs
2012-10-12 08:20:26 [FINEST] [ForgeModLoader] Recursing into package org.bouncycastle.crypto
2012-10-12 08:20:26 [FINEST] [ForgeModLoader] Recursing into package org.bouncycastle.crypto.engines
2012-10-12 08:20:26 [FINEST] [ForgeModLoader] Recursing into package org.bouncycastle.crypto.io
2012-10-12 08:20:26 [FINEST] [ForgeModLoader] Recursing into package org.bouncycastle.crypto.modes
2012-10-12 08:20:26 [FINEST] [ForgeModLoader] Recursing into package org.bouncycastle.crypto.params
2012-10-12 08:20:26 [FINEST] [ForgeModLoader] Recursing into package org.bouncycastle.jcajce
2012-10-12 08:20:26 [FINEST] [ForgeModLoader] Recursing into package org.bouncycastle.jcajce.provider
2012-10-12 08:20:26 [FINEST] [ForgeModLoader] Recursing into package org.bouncycastle.jcajce.provider.config
2012-10-12 08:20:26 [FINEST] [ForgeModLoader] Recursing into package org.bouncycastle.jcajce.provider.util
2012-10-12 08:20:26 [FINEST] [ForgeModLoader] Recursing into package org.bouncycastle.jce
2012-10-12 08:20:26 [FINEST] [ForgeModLoader] Recursing into package org.bouncycastle.jce.provider
2012-10-12 08:20:26 [FINEST] [ForgeModLoader] Recursing into package org.bouncycastle.util
2012-10-12 08:20:26 [FINEST] [ForgeModLoader] Recursing into package paulscode
2012-10-12 08:20:26 [FINEST] [ForgeModLoader] Recursing into package paulscode.sound
2012-10-12 08:20:26 [FINEST] [ForgeModLoader] Recursing into package paulscode.sound.codecs
2012-10-12 08:20:26 [FINEST] [ForgeModLoader] Recursing into package powercraft
2012-10-12 08:20:26 [FINEST] [ForgeModLoader] Recursing into package powercraft.core
2012-10-12 08:20:26 [FINE] [ForgeModLoader] Identified a class powercraft.core.mod_PowerCreaftCore following modloader naming convention but not directly a BaseMod or currently seen subclass
2012-10-12 08:20:26 [FINE] [ForgeModLoader] Identified an FMLMod type mod powercraft.core.mod_PowerCreaftCore
2012-10-12 08:20:26 [FINEST] [ForgeModLoader] Parsed dependency info : [] [] []
2012-10-12 08:20:26 [FINE] [ForgeModLoader] Examining file minecraft.jar for potential mods
2012-10-12 08:20:26 [FINE] [ForgeModLoader] The mod container minecraft.jar appears to be missing an mcmod.info file
2012-10-12 08:20:27 [INFO] [ForgeModLoader] Forge Mod Loader has identified 3 mods to load
2012-10-12 08:20:27 [FINE] [ForgeModLoader] Received a system property request ''
2012-10-12 08:20:27 [FINE] [ForgeModLoader] System property request managing the state of 0 mods
2012-10-12 08:20:27 [FINE] [ForgeModLoader] After merging, found state information for 0 mods
2012-10-12 08:20:27 [FINE] [ForgeModLoader] Activating mod FML
2012-10-12 08:20:27 [FINE] [ForgeModLoader] Activating mod Forge
2012-10-12 08:20:27 [FINE] [ForgeModLoader] Enabling mod PowerCraft-Core
2012-10-12 08:20:27 [FINE] [ForgeModLoader] Activating mod PowerCraft-Core
2012-10-12 08:20:27 [FINE] [ForgeModLoader] Verifying mod requirements are satisfied
2012-10-12 08:20:27 [FINE] [ForgeModLoader] All mod requirements are satisfied
2012-10-12 08:20:27 [FINE] [ForgeModLoader] Sorting mods into an ordered list
2012-10-12 08:20:27 [FINE] [ForgeModLoader] Mod sorting completed successfully
2012-10-12 08:20:27 [FINE] [ForgeModLoader] Mod sorting data:
2012-10-12 08:20:27 [FINE] [ForgeModLoader] 	PowerCraft-Core(PowerCraft-Core:0.0.1Alpha): bin ()
2012-10-12 08:20:27 [FINER] [ForgeModLoader] Posting state event FMLConstructionEvent to mod FML
2012-10-12 08:20:27 [FINER] [ForgeModLoader] State event FMLConstructionEvent delivered to mod FML
2012-10-12 08:20:27 [FINER] [ForgeModLoader] Posting state event FMLConstructionEvent to mod Forge
2012-10-12 08:20:27 [FINER] [ForgeModLoader] State event FMLConstructionEvent delivered to mod Forge
2012-10-12 08:20:27 [FINER] [ForgeModLoader] Posting state event FMLConstructionEvent to mod PowerCraft-Core
2012-10-12 08:20:27 [FINEST] [ForgeModLoader] Testing mod PowerCraft-Core to very it can accept it's own version in a remote connection
2012-10-12 08:20:27 [FINEST] [ForgeModLoader] The mod PowerCraft-Core accepts it's own version (0.0.1Alpha)
2012-10-12 08:20:27 [FINE] [ForgeModLoader] Attempting to inject @SidedProxy classes into PowerCraft-Core
2012-10-12 08:20:27 [FINER] [ForgeModLoader] State event FMLConstructionEvent delivered to mod PowerCraft-Core
2012-10-12 08:20:27 [FINER] [ForgeModLoader] Posting state event FMLPreInitializationEvent to mod FML
2012-10-12 08:20:27 [FINER] [ForgeModLoader] State event FMLPreInitializationEvent delivered to mod FML
2012-10-12 08:20:27 [FINER] [ForgeModLoader] Posting state event FMLPreInitializationEvent to mod Forge
2012-10-12 08:20:27 [INFO] [ForgeModLoader] Configured a dormant chunk cache size of 0
2012-10-12 08:20:27 [FINER] [ForgeModLoader] State event FMLPreInitializationEvent delivered to mod Forge
2012-10-12 08:20:27 [FINER] [ForgeModLoader] Posting state event FMLPreInitializationEvent to mod PowerCraft-Core
2012-10-12 08:20:27 [FINER] [ForgeModLoader] State event FMLPreInitializationEvent delivered to mod PowerCraft-Core
2012-10-12 08:20:28 [INFO] [STDOUT] Starting up SoundSystem...
2012-10-12 08:20:28 [INFO] [STDOUT] Initializing LWJGL OpenAL
2012-10-12 08:20:28 [INFO] [STDOUT]     (The LWJGL binding of OpenAL.  For more information, see http://www.lwjgl.org)
2012-10-12 08:20:29 [INFO] [STDOUT] OpenAL initialized.
2012-10-12 08:20:29 [FINER] [ForgeModLoader] Posting state event FMLInitializationEvent to mod FML
2012-10-12 08:20:29 [FINER] [ForgeModLoader] State event FMLInitializationEvent delivered to mod FML
2012-10-12 08:20:29 [FINER] [ForgeModLoader] Posting state event FMLInitializationEvent to mod Forge
2012-10-12 08:20:29 [FINER] [ForgeModLoader] State event FMLInitializationEvent delivered to mod Forge
2012-10-12 08:20:29 [FINER] [ForgeModLoader] Posting state event FMLInitializationEvent to mod PowerCraft-Core
2012-10-12 08:20:29 [FINER] [ForgeModLoader] State event FMLInitializationEvent delivered to mod PowerCraft-Core
2012-10-12 08:20:29 [FINER] [ForgeModLoader] Posting state event FMLPostInitializationEvent to mod FML
2012-10-12 08:20:29 [FINER] [ForgeModLoader] State event FMLPostInitializationEvent delivered to mod FML
2012-10-12 08:20:29 [FINER] [ForgeModLoader] Posting state event FMLPostInitializationEvent to mod Forge
2012-10-12 08:20:29 [FINER] [ForgeModLoader] State event FMLPostInitializationEvent delivered to mod Forge
2012-10-12 08:20:29 [FINER] [ForgeModLoader] Posting state event FMLPostInitializationEvent to mod PowerCraft-Core
2012-10-12 08:20:29 [FINER] [ForgeModLoader] State event FMLPostInitializationEvent delivered to mod PowerCraft-Core
2012-10-12 08:20:29 [FINER] [ForgeModLoader] Posting state event FMLLoadCompleteEvent to mod FML
2012-10-12 08:20:29 [FINER] [ForgeModLoader] State event FMLLoadCompleteEvent delivered to mod FML
2012-10-12 08:20:29 [FINER] [ForgeModLoader] Posting state event FMLLoadCompleteEvent to mod Forge
2012-10-12 08:20:29 [FINER] [ForgeModLoader] State event FMLLoadCompleteEvent delivered to mod Forge
2012-10-12 08:20:29 [FINER] [ForgeModLoader] Posting state event FMLLoadCompleteEvent to mod PowerCraft-Core
2012-10-12 08:20:29 [FINER] [ForgeModLoader] State event FMLLoadCompleteEvent delivered to mod PowerCraft-Core
2012-10-12 08:20:29 [INFO] [ForgeModLoader] Forge Mod Loader has successfully loaded 3 mods
2012-10-12 08:20:29 [INFO] [STDERR] [Fatal Error] internet_gesperrt.html:1:3: Die Markup-Deklarationen, die in der Dokumenttypdeklaration enthalten sind bzw. auf die von der Dokumenttypdeklaration verwiesen wird, müssen ordnungsgemäß formatiert sein.
2012-10-12 08:20:30 [INFO] [STDERR] org.xml.sax.SAXParseExceptionpublicId: -//W3C//DTD XHTML 1.0 Transitional//EN; systemId: http://10.1.1.32:54080/internet_gesperrt.html; lineNumber: 1; columnNumber: 3; Die Markup-Deklarationen, die in der Dokumenttypdeklaration enthalten sind bzw. auf die von der Dokumenttypdeklaration verwiesen wird, müssen ordnungsgemäß formatiert sein.
2012-10-12 08:20:30 [INFO] [STDERR] 	at com.sun.org.apache.xerces.internal.parsers.DOMParser.parse(Unknown Source)
2012-10-12 08:20:30 [INFO] [STDERR] 	at com.sun.org.apache.xerces.internal.jaxp.DocumentBuilderImpl.parse(Unknown Source)
2012-10-12 08:20:30 [INFO] [STDERR] 	at javax.xml.parsers.DocumentBuilder.parse(Unknown Source)
2012-10-12 08:20:30 [INFO] [STDERR] 	at net.minecraft.src.ThreadDownloadResources.run(ThreadDownloadResources.java:57)
2012-10-12 08:20:57 [INFO] [STDERR] Someone is closing me!
