#
# A fatal error has been detected by the Java Runtime Environment:
#
#  EXCEPTION_ACCESS_VIOLATION (0xc0000005) at pc=0x4e35c059, pid=2608, tid=2488
#
# JRE version: 7.0_04-b22
# Java VM: Java HotSpot(TM) Client VM (23.0-b21 mixed mode windows-x86 )
# Problematic frame:
# C  [OpenAL32.dll+0xc059]  alcCloseDevice+0x52fe
#
# Failed to write core dump. Minidumps are not enabled by default on client versions of Windows
#
# If you would like to submit a bug report, please visit:
#   http://bugreport.sun.com/bugreport/crash.jsp
#

---------------  T H R E A D  ---------------

Current thread (0x4949f800):  VMThread [stack: 0x49270000,0x492c0000] [id=2488]

siginfo: ExceptionCode=0xc0000005, reading address 0x4a50be30

Registers:
EAX=0x4a50be30, EBX=0x4e350000, ECX=0x49f721f0, EDX=0x00000000
ESP=0x492bf9d0, EBP=0x492bfa2c, ESI=0x49f721d0, EDI=0x49f721a0
EIP=0x4e35c059, EFLAGS=0x00010202

Top of Stack: (sp=0x492bf9d0)
0x492bf9d0:   00000001 49f721a0 4e356db2 49f721a0
0x492bf9e0:   00000000 4e356dee 49f721a0 4e356e1f
0x492bf9f0:   4e360328 4e350000 00000000 00000001
0x492bfa00:   ab04bc10 00000000 492bfa4c 001a4440
0x492bfa10:   00000001 492bfa00 492bf5e4 492bfacc
0x492bfa20:   4e361ff0 ac18a00c 00000000 492bfa38
0x492bfa30:   4e3603d0 4e350000 492bfa58 7c9111a7
0x492bfa40:   4e350000 00000000 00000001 001a4440 

Instructions: (pc=0x4e35c059)
0x4e35c039:   00 00 c9 c3 56 57 8b 7c 24 0c 8b 77 20 ff 76 10
0x4e35c049:   c7 46 0c 01 00 00 00 e8 4f f0 ff ff 8b 46 08 59
0x4e35c059:   8b 08 50 ff 51 08 8b 46 04 85 c0 74 06 8b 08 50
0x4e35c069:   ff 51 08 8b 06 8b 08 50 ff 51 08 56 e8 70 0d 00 


Register to memory mapping:

EAX=
[error occurred during error reporting (printing register info), id 0xc0000005]

Stack: [0x49270000,0x492c0000],  sp=0x492bf9d0,  free space=318k
Native frames: (J=compiled Java code, j=interpreted, Vv=VM code, C=native code)
C  [OpenAL32.dll+0xc059]  alcCloseDevice+0x52fe
C  [OpenAL32.dll+0x103d0]
C  [ntdll.dll+0x11a7]  LdrInitializeThunk+0x29
C  [ntdll.dll+0x23f31]  LdrShutdownProcess+0x142
C  [kernel32.dll+0x1ca3e]  IsValidLocale+0x8eb
C  [kernel32.dll+0x1cab6]  ExitProcess+0x14
C  [msvcr100.dll+0x27ec3]  IsExceptionObjectToBeDestroyed+0x2ac
C  [msvcr100.dll+0x27fe0]  IsExceptionObjectToBeDestroyed+0x3c9
C  [msvcr100.dll+0x28051]  exit+0x11
V  [jvm.dll+0x128572]
V  [jvm.dll+0x14e78d]
V  [jvm.dll+0x14d94e]
V  [jvm.dll+0x14dcd7]
V  [jvm.dll+0x14e1b2]
V  [jvm.dll+0x17df89]
C  [msvcr100.dll+0x5c6de]  endthreadex+0x3a
C  [msvcr100.dll+0x5c788]  endthreadex+0xe4
C  [kernel32.dll+0xb50b]  GetModuleFileNameA+0x1b4

VM_Operation (0x4a15ec90): Exit, mode: safepoint, requested by thread 0x4988f000


---------------  P R O C E S S  ---------------

Java Threads: ( => current thread )
  0x49af5400 JavaThread "Resource download thread" daemon [_thread_blocked, id=812, stack(0x4fc40000,0x4fc90000)]
  0x4d73e400 JavaThread "Thread-10" [_thread_blocked, id=3472, stack(0x4e300000,0x4e350000)]
  0x4a5eb400 JavaThread "Thread-9" [_thread_blocked, id=2472, stack(0x4a160000,0x4a1b0000)]
  0x003b8c00 JavaThread "DestroyJavaVM" [_thread_blocked, id=2236, stack(0x00900000,0x00950000)]
  0x4a8af800 JavaThread "Minecraft main thread" [_thread_blocked, id=2884, stack(0x4b480000,0x4b4d0000)]
  0x4a8ae000 JavaThread "Timer hack thread" daemon [_thread_blocked, id=2664, stack(0x4b430000,0x4b480000)]
  0x4a814c00 JavaThread "Snooper Timer" daemon [_thread_blocked, id=2808, stack(0x4b3e0000,0x4b430000)]
  0x49967400 JavaThread "Thread-3" [_thread_blocked, id=3360, stack(0x4a2d0000,0x4a320000)]
  0x4988f000 JavaThread "AWT-EventQueue-0" [_thread_blocked, id=2728, stack(0x4a110000,0x4a160000)]
  0x497e7c00 JavaThread "AWT-Shutdown" [_thread_blocked, id=2484, stack(0x49fd0000,0x4a020000)]
  0x497e6c00 JavaThread "Java2D Disposer" daemon [_thread_blocked, id=2708, stack(0x49f80000,0x49fd0000)]
  0x494f4000 JavaThread "Service Thread" daemon [_thread_blocked, id=2648, stack(0x496d0000,0x49720000)]
  0x494e9800 JavaThread "C1 CompilerThread0" daemon [_thread_blocked, id=420, stack(0x49680000,0x496d0000)]
  0x494e4400 JavaThread "Attach Listener" daemon [_thread_blocked, id=2552, stack(0x49630000,0x49680000)]
  0x494e1800 JavaThread "Surrogate Locker Thread (Concurrent GC)" daemon [_thread_blocked, id=2148, stack(0x49360000,0x493b0000)]
  0x494aa000 JavaThread "Finalizer" daemon [_thread_blocked, id=2640, stack(0x49310000,0x49360000)]
  0x494a5000 JavaThread "Reference Handler" daemon [_thread_blocked, id=2212, stack(0x492c0000,0x49310000)]

Other Threads:
=>0x4949f800 VMThread [stack: 0x49270000,0x492c0000] [id=2488]

VM state:at safepoint (shutting down)

VM Mutex/Monitor currently owned by a thread:  ([mutex/lock_event])
[0x003b78b8] Threads_lock - owner thread: 0x4949f800

Heap
 par new generation   total 118016K, used 84856K [0x02b80000, 0x0ab80000, 0x0ab80000)
  eden space 104960K,  69% used [0x02b80000, 0x073118b8, 0x09200000)
  from space 13056K,  88% used [0x09200000, 0x09d4c930, 0x09ec0000)
  to   space 13056K,   0% used [0x09ec0000, 0x09ec0000, 0x0ab80000)
 concurrent mark-sweep generation total 917504K, used 24235K [0x0ab80000, 0x42b80000, 0x42b80000)
 concurrent-mark-sweep perm gen total 27236K, used 16473K [0x42b80000, 0x44619000, 0x46b80000)

Code Cache  [0x00960000, 0x00cd8000, 0x02960000)
 total_blobs=1826 nmethods=1477 adapters=283 free_code_cache=29234Kb largest_free_block=29934976

Compilation events (10 events):
Event: 31.596 Thread 0x494e9800 1477             java.nio.DirectFloatBufferU::ix (10 bytes)
Event: 31.596 Thread 0x494e9800 nmethod 1477 0x00ccf1c8 code [0x00ccf2c0, 0x00ccf350]
Event: 31.860 Thread 0x494e9800 1478             com.google.common.collect.RegularImmutableList::size (5 bytes)
Event: 31.861 Thread 0x494e9800 nmethod 1478 0x00ccf388 code [0x00ccf480, 0x00ccf500]
Event: 32.020 Thread 0x494e9800 1480             java.nio.DirectFloatBufferU::put (18 bytes)
Event: 32.020 Thread 0x494e9800 nmethod 1480 0x00ccf7c8 code [0x00ccf8c0, 0x00ccf970]
Event: 32.596 Thread 0x494e9800 1481             net.minecraft.src.GuiMainMenu::drawScreen (562 bytes)
Event: 32.603 Thread 0x494e9800 nmethod 1481 0x00ccfa48 code [0x00ccff20, 0x00cd12f4]
Event: 33.053 Thread 0x494e9800 1482             org.lwjgl.opengl.GL11::glBlendFunc (20 bytes)
Event: 33.054 Thread 0x494e9800 nmethod 1482 0x00cd35c8 code [0x00cd36f0, 0x00cd38a4]

GC Heap History (4 events):
Event: 4.944 GC heap before
{Heap before GC invocations=0 (full 0):
 par new generation   total 118016K, used 104960K [0x02b80000, 0x0ab80000, 0x0ab80000)
  eden space 104960K, 100% used [0x02b80000, 0x09200000, 0x09200000)
  from space 13056K,   0% used [0x09200000, 0x09200000, 0x09ec0000)
  to   space 13056K,   0% used [0x09ec0000, 0x09ec0000, 0x0ab80000)
 concurrent mark-sweep generation total 917504K, used 0K [0x0ab80000, 0x42b80000, 0x42b80000)
 concurrent-mark-sweep perm gen total 12288K, used 11958K [0x42b80000, 0x43780000, 0x46b80000)
Event: 4.999 GC heap after
Heap after GC invocations=1 (full 0):
 par new generation   total 118016K, used 13056K [0x02b80000, 0x0ab80000, 0x0ab80000)
  eden space 104960K,   0% used [0x02b80000, 0x02b80000, 0x09200000)
  from space 13056K, 100% used [0x09ec0000, 0x0ab80000, 0x0ab80000)
  to   space 13056K,   0% used [0x09200000, 0x09200000, 0x09ec0000)
 concurrent mark-sweep generation total 917504K, used 12265K [0x0ab80000, 0x42b80000, 0x42b80000)
 concurrent-mark-sweep perm gen total 12288K, used 11958K [0x42b80000, 0x43780000, 0x46b80000)
}
Event: 15.314 GC heap before
{Heap before GC invocations=1 (full 1):
 par new generation   total 118016K, used 118016K [0x02b80000, 0x0ab80000, 0x0ab80000)
  eden space 104960K, 100% used [0x02b80000, 0x09200000, 0x09200000)
  from space 13056K, 100% used [0x09ec0000, 0x0ab80000, 0x0ab80000)
  to   space 13056K,   0% used [0x09200000, 0x09200000, 0x09ec0000)
 concurrent mark-sweep generation total 917504K, used 12265K [0x0ab80000, 0x42b80000, 0x42b80000)
 concurrent-mark-sweep perm gen total 15232K, used 15125K [0x42b80000, 0x43a60000, 0x46b80000)
Event: 15.397 GC heap after
Heap after GC invocations=2 (full 1):
 par new generation   total 118016K, used 11570K [0x02b80000, 0x0ab80000, 0x0ab80000)
  eden space 104960K,   0% used [0x02b80000, 0x02b80000, 0x09200000)
  from space 13056K,  88% used [0x09200000, 0x09d4c930, 0x09ec0000)
  to   space 13056K,   0% used [0x09ec0000, 0x09ec0000, 0x0ab80000)
 concurrent mark-sweep generation total 917504K, used 25165K [0x0ab80000, 0x42b80000, 0x42b80000)
 concurrent-mark-sweep perm gen total 15232K, used 15125K [0x42b80000, 0x43a60000, 0x46b80000)
}

Deoptimization events (0 events):
No events

Internal exceptions (10 events):
Event: 14.463 Thread 0x4a5eb400 Threw 0x08acb6c8 at C:\jdk7u2_32P\jdk7u4\hotspot\src\share\vm\prims\jni.cpp:715
Event: 14.466 Thread 0x4a5eb400 Threw 0x08acbb60 at C:\jdk7u2_32P\jdk7u4\hotspot\src\share\vm\prims\jni.cpp:715
Event: 14.470 Thread 0x4a5eb400 Threw 0x08acbfb0 at C:\jdk7u2_32P\jdk7u4\hotspot\src\share\vm\prims\jni.cpp:715
Event: 14.472 Thread 0x4a5eb400 Threw 0x08acc3f0 at C:\jdk7u2_32P\jdk7u4\hotspot\src\share\vm\prims\jni.cpp:715
Event: 14.476 Thread 0x4a5eb400 Threw 0x08acc7b0 at C:\jdk7u2_32P\jdk7u4\hotspot\src\share\vm\prims\jni.cpp:715
Event: 14.874 Thread 0x4a5eb400 Threw 0x08ba01e8 at C:\jdk7u2_32P\jdk7u4\hotspot\src\share\vm\prims\jvm.cpp:2846
Event: 15.832 Thread 0x4a8af800 Implicit null exception at 0x009fda64 to 0x009fe0db
Event: 15.832 Thread 0x4a8af800 Threw 0x03899770 at C:\jdk7u2_32P\jdk7u4\hotspot\src\share\vm\runtime\sharedRuntime.cpp:613
Event: 30.321 Thread 0x4a5eb400 Threw 0x0675f0f0 at C:\jdk7u2_32P\jdk7u4\hotspot\src\share\vm\prims\jvm.cpp:2888
Event: 30.549 Thread 0x4a5eb400 Threw 0x06f1a170 at C:\jdk7u2_32P\jdk7u4\hotspot\src\share\vm\prims\jvm.cpp:2846

Events (10 events):
Event: 33.229 loading class 0x494d07a8
Event: 33.229 loading class 0x49866ef8
Event: 33.229 loading class 0x494d07a8 done
Event: 33.229 Thread 0x49ac6800 Thread exited: 0x49ac6800
Event: 33.229 loading class 0x49866ef8 done
Event: 33.235 Thread 0x49b05800 Thread exited: 0x49b05800
Event: 33.290 Thread 0x497e9800 Thread exited: 0x497e9800
Event: 33.330 Thread 0x49b09800 Thread exited: 0x49b09800
Event: 33.330 Thread 0x494e3000 Thread exited: 0x494e3000
Event: 33.330 Executing VM operation: Exit


Dynamic libraries:
0x00400000 - 0x0042f000 	D:\Programme (x86)\Java\jre7\bin\javaw.exe
0x7c910000 - 0x7c9c7000 	C:\WINDOWS\system32\ntdll.dll
0x7c800000 - 0x7c906000 	C:\WINDOWS\system32\kernel32.dll
0x77da0000 - 0x77e4a000 	C:\WINDOWS\system32\ADVAPI32.dll
0x77e50000 - 0x77ee1000 	C:\WINDOWS\system32\RPCRT4.dll
0x77d10000 - 0x77da0000 	C:\WINDOWS\system32\USER32.dll
0x77ef0000 - 0x77f36000 	C:\WINDOWS\system32\GDI32.dll
0x773a0000 - 0x774a2000 	C:\WINDOWS\WinSxS\x86_Microsoft.Windows.Common-Controls_6595b64144ccf1df_6.0.2600.2180_x-ww_a84f1ff9\COMCTL32.dll
0x77be0000 - 0x77c38000 	C:\WINDOWS\system32\msvcrt.dll
0x77f40000 - 0x77fb6000 	C:\WINDOWS\system32\SHLWAPI.dll
0x78aa0000 - 0x78b5e000 	D:\Programme (x86)\Java\jre7\bin\msvcr100.dll
0x6d880000 - 0x6dbca000 	D:\Programme (x86)\Java\jre7\bin\client\jvm.dll
0x71a30000 - 0x71a3a000 	C:\WINDOWS\system32\WSOCK32.dll
0x71a10000 - 0x71a27000 	C:\WINDOWS\system32\WS2_32.dll
0x71a00000 - 0x71a08000 	C:\WINDOWS\system32\WS2HELP.dll
0x76af0000 - 0x76b1e000 	C:\WINDOWS\system32\WINMM.dll
0x76bb0000 - 0x76bbb000 	C:\WINDOWS\system32\PSAPI.DLL
0x6d810000 - 0x6d81c000 	D:\Programme (x86)\Java\jre7\bin\verify.dll
0x6d2f0000 - 0x6d310000 	D:\Programme (x86)\Java\jre7\bin\java.dll
0x6d860000 - 0x6d873000 	D:\Programme (x86)\Java\jre7\bin\zip.dll
0x6d000000 - 0x6d142000 	D:\Programme (x86)\Java\jre7\bin\awt.dll
0x770f0000 - 0x7717c000 	C:\WINDOWS\system32\OLEAUT32.dll
0x774b0000 - 0x775ed000 	C:\WINDOWS\system32\ole32.dll
0x5b0f0000 - 0x5b128000 	C:\WINDOWS\system32\uxtheme.dll
0x746a0000 - 0x746eb000 	C:\WINDOWS\system32\MSCTF.dll
0x7c9d0000 - 0x7d1ee000 	C:\WINDOWS\system32\SHELL32.dll
0x6d240000 - 0x6d26a000 	D:\Programme (x86)\Java\jre7\bin\fontmanager.dll
0x77bd0000 - 0x77bd8000 	C:\WINDOWS\system32\VERSION.dll
0x6d610000 - 0x6d624000 	D:\Programme (x86)\Java\jre7\bin\net.dll
0x6d630000 - 0x6d63f000 	D:\Programme (x86)\Java\jre7\bin\nio.dll
0x6d7b0000 - 0x6d7e1000 	D:\Programme (x86)\Java\jre7\bin\t2k.dll
0x76330000 - 0x7634d000 	C:\WINDOWS\system32\IMM32.dll
0x6d180000 - 0x6d1a4000 	D:\Programme (x86)\Java\jre7\bin\dcpr.dll
0x4ad50000 - 0x4adbb000 	D:\Projekte\Minecraft1.3.2\jars\bin\natives\lwjgl.dll
0x5f0d0000 - 0x5f19c000 	C:\WINDOWS\system32\OPENGL32.dll
0x68fc0000 - 0x68fe0000 	C:\WINDOWS\system32\GLU32.dll
0x736d0000 - 0x73719000 	C:\WINDOWS\system32\DDRAW.dll
0x73b30000 - 0x73b36000 	C:\WINDOWS\system32\DCIMAN32.dll
0x4b2d0000 - 0x4b2f8000 	C:\WINDOWS\system32\rsaenh.dll
0x76620000 - 0x766d5000 	C:\WINDOWS\system32\USERENV.dll
0x597d0000 - 0x59824000 	C:\WINDOWS\system32\netapi32.dll
0x719b0000 - 0x719f0000 	C:\WINDOWS\System32\mswsock.dll
0x76ee0000 - 0x76f07000 	C:\WINDOWS\system32\DNSAPI.dll
0x76f70000 - 0x76f78000 	C:\WINDOWS\System32\winrnr.dll
0x76f20000 - 0x76f4d000 	C:\WINDOWS\system32\WLDAP32.dll
0x66210000 - 0x66219000 	C:\WINDOWS\system32\netware\NWWS2NDS.DLL
0x50d50000 - 0x50d85000 	C:\WINDOWS\system32\NETWIN32.DLL
0x50d00000 - 0x50d16000 	C:\WINDOWS\system32\CLNWIN32.DLL
0x50df0000 - 0x50e15000 	C:\WINDOWS\system32\LOCWIN32.dll
0x50db0000 - 0x50de5000 	C:\WINDOWS\system32\NCPWIN32.dll
0x66220000 - 0x6622c000 	C:\WINDOWS\system32\netware\NWWS2SLP.DLL
0x66250000 - 0x66256000 	C:\WINDOWS\system32\NWSRVLOC.dll
0x76f80000 - 0x76f86000 	C:\WINDOWS\system32\rasadhlp.dll
0x6d320000 - 0x6d326000 	D:\Programme (x86)\Java\jre7\bin\jawt.dll
0x69500000 - 0x69e43000 	C:\WINDOWS\system32\nvoglnt.dll
0x4e350000 - 0x4e479000 	D:\Projekte\Minecraft1.3.2\jars\bin\natives\OpenAL32.dll
0x73e70000 - 0x73ecc000 	C:\WINDOWS\system32\dsound.dll
0x76bf0000 - 0x76c1e000 	C:\WINDOWS\system32\WINTRUST.dll
0x77a50000 - 0x77ae5000 	C:\WINDOWS\system32\CRYPT32.dll
0x77af0000 - 0x77b02000 	C:\WINDOWS\system32\MSASN1.dll
0x76c50000 - 0x76c78000 	C:\WINDOWS\system32\IMAGEHLP.dll
0x72c90000 - 0x72c99000 	C:\WINDOWS\system32\wdmaud.drv
0x72c80000 - 0x72c88000 	C:\WINDOWS\system32\msacm32.drv
0x77bb0000 - 0x77bc5000 	C:\WINDOWS\system32\MSACM32.dll
0x77ba0000 - 0x77ba7000 	C:\WINDOWS\system32\midimap.dll
0x73e40000 - 0x73e44000 	C:\WINDOWS\system32\KsUser.dll
0x66710000 - 0x66769000 	C:\WINDOWS\system32\hnetcfg.dll
0x719f0000 - 0x719f8000 	C:\WINDOWS\System32\wshtcpip.dll
0x6d570000 - 0x6d57a000 	D:\Programme (x86)\Java\jre7\bin\management.dll
0x59dd0000 - 0x59e71000 	C:\WINDOWS\system32\dbghelp.dll

VM Arguments:
jvm_args: -Xincgc -Xmx1024M -Xms1024M -Djava.library.path=D:\Projekte\Minecraft1.3.2\jars\bin\natives;D:\Projekte\Minecraft1.3.2\jars\bin\natives;D:\Projekte\Minecraft1.3.2\jars\bin\natives -Dfile.encoding=Cp1252 
java_command: Start
Launcher Type: SUN_STANDARD

Environment Variables:
PATH=C:/Programme/Java/jre1.5.0_11/bin/client;C:/Programme/Java/jre1.5.0_11/bin;C:/Programme/Java/jre1.5.0_11/lib/i386;C:\WINDOWS;C:\WINDOWS\system32;C:\WINDOWS;C:\WINDOWS\System32\Wbem;C:\WINDOWS\system32\nls;C:\WINDOWS\system32\nls\DEUTSCH;C:\Programme\Novell\ZENworks\;C:\Programme\Autodesk\DWG TrueView\;Z:.;;D:\Programme (x86)\eclipse;
USERNAME=EmmerichN
OS=Windows_NT
PROCESSOR_IDENTIFIER=x86 Family 15 Model 6 Stepping 4, GenuineIntel



---------------  S Y S T E M  ---------------

OS: Windows XP Build 2600 Service Pack 2

CPU:total 2 (2 cores per cpu, 1 threads per core) family 15 model 6 stepping 4, cmov, cx8, fxsr, mmx, sse, sse2, sse3, tsc

Memory: 4k page, physical 2096300k(756464k free), swap 4038380k(1849160k free)

vm_info: Java HotSpot(TM) Client VM (23.0-b21) for windows-x86 JRE (1.7.0_04-b22), built on May  3 2012 00:03:48 by "java_re" with unknown MS VC++:1600

time: Tue Oct 09 09:54:31 2012
elapsed time: 33 seconds

