INFO: PowerCraft logger initialized.
INFO: 2012/11/24 23:07:51
		* loading names from file de_DE-PowerCraft-Core.lang...
		* loading names from file en_US-PowerCraft-Core.lang...
	Translations loaded.
		* loading names from file en_US-PowerCraft-Light.lang...
	Translations loaded.
		* loading names from file de_DE-PowerCraft-Logic.lang...
		* loading names from file en_US-PowerCraft-Logic.lang...
	Translations loaded.
		* loading names from file en_US-PowerCraft-Machines.lang...
	Translations loaded.
		* loading names from file de_DE-PowerCraft-Transport.lang...
		* loading names from file en_US-PowerCraft-Transport.lang...
	Translations loaded.
	Loading XML configuration for crops.
		* loading file default.xml...
		   - Loaded crop "Wheat".
		   - Loaded crop "Nether Wart".
		   - Loaded crop "Leaves".
	Crops configuration loaded.
	Loading XML configuration for trees.
		* loading file default.xml...
		   - Tree "Oak" loaded. -> STRUCT {STRUCT {17,0},STRUCT {18,0},STRUCT {6,0}}
		   - Tree "Pine" loaded. -> STRUCT {STRUCT {17,1},STRUCT {18,1},STRUCT {6,1}}
		   - Tree "Birch" loaded. -> STRUCT {STRUCT {17,2},STRUCT {18,2},STRUCT {6,2}}
		   - Tree "Jungle" loaded. -> STRUCT {STRUCT {17,3},STRUCT {18,3},STRUCT {6,3}}
		   - Tree "Huge Brown Mushroom" loaded. -> STRUCT {STRUCT {99,-1},STRUCT {-1,-1},STRUCT {39,0}}
		   - Tree "Huge Red Mushroom" loaded. -> STRUCT {STRUCT {100,-1},STRUCT {-1,-1},STRUCT {40,0}}
	Trees configuration loaded.
INFO: Water Hacked
		Hacking main menu splashes


Update information received from server.
		Hacking main menu splashes
