2012-11-17 12:55:21 [INFO] Starting minecraft server version 1.4.4
2012-11-17 12:55:23 [INFO] Loading properties
2012-11-17 12:55:23 [INFO] Default game type: SURVIVAL
2012-11-17 12:55:23 [INFO] Generating keypair
2012-11-17 12:55:23 [INFO] Starting Minecraft server on *:25565
2012-11-17 12:55:23 [WARNING] **** SERVER IS RUNNING IN OFFLINE/INSECURE MODE!
2012-11-17 12:55:23 [WARNING] The server will make no attempt to authenticate usernames. Beware.
2012-11-17 12:55:23 [WARNING] While this makes the game possible to play without internet access, it also opens up the ability for hackers to connect with any username they choose.
2012-11-17 12:55:23 [WARNING] To change this, set "online-mode" to "true" in the server.properties file.
2012-11-17 12:55:23 [WARNING] Failed to load operators list: java.io.FileNotFoundException: .\ops.txt (Das System kann die angegebene Datei nicht finden)
2012-11-17 12:55:23 [WARNING] Failed to load white-list: java.io.FileNotFoundException: .\white-list.txt (Das System kann die angegebene Datei nicht finden)
2012-11-17 12:55:23 [INFO] Preparing level "mcpworld"
2012-11-17 12:55:24 [INFO] Preparing start region for level 0
2012-11-17 12:55:25 [INFO] Preparing spawn area: 11%
2012-11-17 12:55:26 [INFO] Preparing spawn area: 32%
2012-11-17 12:55:27 [INFO] Preparing spawn area: 52%
2012-11-17 12:55:28 [INFO] Preparing spawn area: 68%
2012-11-17 12:55:29 [INFO] Preparing spawn area: 85%
2012-11-17 12:55:30 [INFO] Done (6,369s)! For help, type "help" or "?"
2012-11-17 12:55:36 [INFO] /127.0.0.1:50141 lost connection
2012-11-17 12:55:36 [INFO] User XOR connecting with mods [PowerCraft-Light, PowerCraft-Core, PowerCraft-Machines, PowerCraft-Transport, PowerCraft-Logic]
2012-11-17 12:55:36 [INFO] XOR[/127.0.0.1:50140] logged in with entity id 2051 at (-3.5, 65.62000000476837, 192.5)
2012-11-17 12:55:52 [INFO] XOR lost connection: disconnect.genericReason
2012-11-17 12:55:53 [INFO] Stopping server
2012-11-17 12:55:53 [INFO] Saving players
2012-11-17 12:55:53 [INFO] Saving worlds
2012-11-17 12:55:53 [INFO] Saving chunks for level 'mcpworld'/Overworld
2012-11-17 12:55:53 [INFO] Saving chunks for level 'mcpworld'/Nether
2012-11-17 12:55:53 [INFO] Saving chunks for level 'mcpworld'/The End
2012-11-17 12:55:54 [INFO] Stopping server
2012-11-17 12:59:43 [INFO] Starting minecraft server version 1.4.4
2012-11-17 12:59:45 [INFO] Loading properties
2012-11-17 12:59:45 [INFO] Default game type: SURVIVAL
2012-11-17 12:59:45 [INFO] Generating keypair
2012-11-17 12:59:45 [INFO] Starting Minecraft server on *:25565
2012-11-17 12:59:45 [WARNING] **** SERVER IS RUNNING IN OFFLINE/INSECURE MODE!
2012-11-17 12:59:45 [WARNING] The server will make no attempt to authenticate usernames. Beware.
2012-11-17 12:59:45 [WARNING] While this makes the game possible to play without internet access, it also opens up the ability for hackers to connect with any username they choose.
2012-11-17 12:59:45 [WARNING] To change this, set "online-mode" to "true" in the server.properties file.
2012-11-17 12:59:45 [INFO] Preparing level "mcpworld"
2012-11-17 12:59:45 [INFO] Preparing start region for level 0
2012-11-17 12:59:46 [INFO] Done (0,887s)! For help, type "help" or "?"
2012-11-17 12:59:49 [INFO] /127.0.0.1:50155 lost connection
2012-11-17 12:59:50 [INFO] User XOR connecting with mods [PowerCraft-Light, PowerCraft-Machines, PowerCraft-Core, PowerCraft-Transport, PowerCraft-Logic]
2012-11-17 12:59:50 [INFO] XOR[/127.0.0.1:50156] logged in with entity id 373 at (8.188636817927529, 64.0, 186.78128681009466)
2012-11-17 13:00:15 [INFO] XOR lost connection: disconnect.genericReason
2012-11-17 13:00:19 [INFO] Stopping server
2012-11-17 13:00:19 [INFO] Saving players
2012-11-17 13:00:19 [INFO] Saving worlds
2012-11-17 13:00:19 [INFO] Saving chunks for level 'mcpworld'/Overworld
2012-11-17 13:00:19 [INFO] Saving chunks for level 'mcpworld'/Nether
2012-11-17 13:00:19 [INFO] Saving chunks for level 'mcpworld'/The End
2012-11-17 13:00:19 [INFO] Stopping server
2012-11-17 13:00:43 [INFO] Starting minecraft server version 1.4.4
2012-11-17 13:00:45 [INFO] Loading properties
2012-11-17 13:00:45 [INFO] Default game type: SURVIVAL
2012-11-17 13:00:45 [INFO] Generating keypair
2012-11-17 13:00:45 [INFO] Starting Minecraft server on *:25565
2012-11-17 13:00:45 [WARNING] **** SERVER IS RUNNING IN OFFLINE/INSECURE MODE!
2012-11-17 13:00:45 [WARNING] The server will make no attempt to authenticate usernames. Beware.
2012-11-17 13:00:45 [WARNING] While this makes the game possible to play without internet access, it also opens up the ability for hackers to connect with any username they choose.
2012-11-17 13:00:45 [WARNING] To change this, set "online-mode" to "true" in the server.properties file.
2012-11-17 13:00:45 [INFO] Preparing level "mcpworld"
2012-11-17 13:00:45 [INFO] Preparing start region for level 0
2012-11-17 13:00:46 [INFO] Done (0,832s)! For help, type "help" or "?"
2012-11-17 13:00:49 [INFO] User XOR connecting with mods [PowerCraft-Light, PowerCraft-Core, PowerCraft-Machines, PowerCraft-Transport, PowerCraft-Logic]
2012-11-17 13:00:49 [INFO] /127.0.0.1:50164 lost connection
2012-11-17 13:00:49 [INFO] XOR[/127.0.0.1:50163] logged in with entity id 353 at (9.414453185550723, 64.0, 185.97137060752)
2012-11-17 13:00:56 [INFO] XOR lost connection: disconnect.genericReason
2012-11-17 13:00:57 [INFO] Stopping server
2012-11-17 13:00:57 [INFO] Saving players
2012-11-17 13:00:57 [INFO] Saving worlds
2012-11-17 13:00:57 [INFO] Saving chunks for level 'mcpworld'/Overworld
2012-11-17 13:00:57 [INFO] Saving chunks for level 'mcpworld'/Nether
2012-11-17 13:00:57 [INFO] Saving chunks for level 'mcpworld'/The End
2012-11-17 13:00:57 [INFO] Stopping server
2012-11-17 13:00:57 [INFO] Saving players
2012-11-17 13:01:19 [INFO] Starting minecraft server version 1.4.4
2012-11-17 13:01:21 [INFO] Loading properties
2012-11-17 13:01:21 [INFO] Default game type: SURVIVAL
2012-11-17 13:01:21 [INFO] Generating keypair
2012-11-17 13:01:21 [INFO] Starting Minecraft server on *:25565
2012-11-17 13:01:21 [WARNING] **** SERVER IS RUNNING IN OFFLINE/INSECURE MODE!
2012-11-17 13:01:21 [WARNING] The server will make no attempt to authenticate usernames. Beware.
2012-11-17 13:01:21 [WARNING] While this makes the game possible to play without internet access, it also opens up the ability for hackers to connect with any username they choose.
2012-11-17 13:01:21 [WARNING] To change this, set "online-mode" to "true" in the server.properties file.
2012-11-17 13:01:21 [INFO] Preparing level "mcpworld"
2012-11-17 13:01:21 [INFO] Preparing start region for level 0
2012-11-17 13:01:22 [INFO] Done (0,911s)! For help, type "help" or "?"
2012-11-17 13:01:34 [INFO] /127.0.0.1:50171 lost connection
2012-11-17 13:01:35 [INFO] User XOR connecting with mods [PowerCraft-Light, PowerCraft-Core, PowerCraft-Machines, PowerCraft-Transport, PowerCraft-Logic]
2012-11-17 13:01:35 [INFO] XOR[/127.0.0.1:50172] logged in with entity id 353 at (9.414453185550723, 64.0, 185.97137060752)
2012-11-17 13:01:43 [INFO] XOR lost connection: disconnect.genericReason
2012-11-17 13:01:44 [INFO] Stopping server
2012-11-17 13:01:44 [INFO] Saving players
2012-11-17 13:01:44 [INFO] Saving worlds
2012-11-17 13:01:44 [INFO] Saving chunks for level 'mcpworld'/Overworld
2012-11-17 13:01:44 [INFO] Saving chunks for level 'mcpworld'/Nether
2012-11-17 13:01:44 [INFO] Saving chunks for level 'mcpworld'/The End
2012-11-17 13:01:44 [INFO] Stopping server
2012-11-17 13:01:44 [INFO] Saving players
2012-11-17 13:02:39 [INFO] Starting minecraft server version 1.4.4
2012-11-17 13:02:40 [INFO] Loading properties
2012-11-17 13:02:40 [INFO] Default game type: SURVIVAL
2012-11-17 13:02:40 [INFO] Generating keypair
2012-11-17 13:02:40 [INFO] Starting Minecraft server on *:25565
2012-11-17 13:02:40 [WARNING] **** SERVER IS RUNNING IN OFFLINE/INSECURE MODE!
2012-11-17 13:02:40 [WARNING] The server will make no attempt to authenticate usernames. Beware.
2012-11-17 13:02:40 [WARNING] While this makes the game possible to play without internet access, it also opens up the ability for hackers to connect with any username they choose.
2012-11-17 13:02:40 [WARNING] To change this, set "online-mode" to "true" in the server.properties file.
2012-11-17 13:02:40 [INFO] Preparing level "mcpworld"
2012-11-17 13:02:41 [INFO] Preparing start region for level 0
2012-11-17 13:02:41 [INFO] Done (0,844s)! For help, type "help" or "?"
2012-11-17 13:02:43 [INFO] /127.0.0.1:50194 lost connection
2012-11-17 13:02:44 [INFO] User XOR connecting with mods [PowerCraft-Light, PowerCraft-Machines, PowerCraft-Core, PowerCraft-Transport, PowerCraft-Logic]
2012-11-17 13:02:44 [INFO] XOR[/127.0.0.1:50195] logged in with entity id 353 at (9.414453185550723, 64.0, 185.97137060752)
2012-11-17 13:02:50 [INFO] XOR lost connection: disconnect.genericReason
2012-11-17 13:02:51 [INFO] Stopping server
2012-11-17 13:02:51 [INFO] Saving players
2012-11-17 13:02:51 [INFO] Saving worlds
2012-11-17 13:02:51 [INFO] Saving chunks for level 'mcpworld'/Overworld
2012-11-17 13:02:51 [INFO] Saving chunks for level 'mcpworld'/Nether
2012-11-17 13:02:51 [INFO] Saving chunks for level 'mcpworld'/The End
2012-11-17 13:02:52 [INFO] Stopping server
2012-11-17 13:02:52 [INFO] Saving players
2012-11-17 13:03:29 [INFO] Starting minecraft server version 1.4.4
2012-11-17 13:03:30 [INFO] Loading properties
2012-11-17 13:03:30 [INFO] Default game type: SURVIVAL
2012-11-17 13:03:30 [INFO] Generating keypair
2012-11-17 13:03:31 [INFO] Starting Minecraft server on *:25565
2012-11-17 13:03:31 [WARNING] **** SERVER IS RUNNING IN OFFLINE/INSECURE MODE!
2012-11-17 13:03:31 [WARNING] The server will make no attempt to authenticate usernames. Beware.
2012-11-17 13:03:31 [WARNING] While this makes the game possible to play without internet access, it also opens up the ability for hackers to connect with any username they choose.
2012-11-17 13:03:31 [WARNING] To change this, set "online-mode" to "true" in the server.properties file.
2012-11-17 13:03:31 [INFO] Preparing level "mcpworld"
2012-11-17 13:03:31 [INFO] Preparing start region for level 0
2012-11-17 13:03:32 [INFO] Done (1,201s)! For help, type "help" or "?"
2012-11-17 13:03:38 [INFO] User XOR connecting with mods [PowerCraft-Light, PowerCraft-Machines, PowerCraft-Core, PowerCraft-Transport, PowerCraft-Logic]
2012-11-17 13:03:38 [INFO] XOR[/127.0.0.1:50203] logged in with entity id 353 at (9.414453185550723, 64.0, 185.97137060752)
2012-11-17 13:03:44 [INFO] XOR lost connection: disconnect.genericReason
2012-11-17 13:03:45 [INFO] Stopping server
2012-11-17 13:03:45 [INFO] Saving players
2012-11-17 13:03:45 [INFO] Saving worlds
2012-11-17 13:03:45 [INFO] Saving chunks for level 'mcpworld'/Overworld
2012-11-17 13:03:45 [INFO] Saving chunks for level 'mcpworld'/Nether
2012-11-17 13:03:45 [INFO] Saving chunks for level 'mcpworld'/The End
2012-11-17 13:03:45 [INFO] Stopping server
2012-11-17 13:03:45 [INFO] Saving players
2012-11-17 13:04:36 [INFO] Starting minecraft server version 1.4.4
2012-11-17 13:04:37 [INFO] Loading properties
2012-11-17 13:04:37 [INFO] Default game type: SURVIVAL
2012-11-17 13:04:37 [INFO] Generating keypair
2012-11-17 13:04:38 [INFO] Starting Minecraft server on *:25565
2012-11-17 13:04:38 [WARNING] **** SERVER IS RUNNING IN OFFLINE/INSECURE MODE!
2012-11-17 13:04:38 [WARNING] The server will make no attempt to authenticate usernames. Beware.
2012-11-17 13:04:38 [WARNING] While this makes the game possible to play without internet access, it also opens up the ability for hackers to connect with any username they choose.
2012-11-17 13:04:38 [WARNING] To change this, set "online-mode" to "true" in the server.properties file.
2012-11-17 13:04:38 [INFO] Preparing level "mcpworld"
2012-11-17 13:04:38 [INFO] Preparing start region for level 0
2012-11-17 13:04:39 [INFO] Done (0,928s)! For help, type "help" or "?"
2012-11-17 13:04:41 [INFO] /127.0.0.1:50211 lost connection
2012-11-17 13:05:45 [INFO] User XOR,PC Developer connecting with mods [PowerCraft-Light, PowerCraft-Core, PowerCraft-Machines, PowerCraft-Transport, PowerCraft-Logic]
2012-11-17 13:05:45 [INFO] XOR,PC Developer[/127.0.0.1:50216] logged in with entity id 354 at (-2.5, 65.62000000476837, 201.5)
2012-11-17 13:06:37 [INFO] Usage: /op <player>
2012-11-17 13:06:47 [INFO] XOR,PC Developer lost connection: disconnect.genericReason
2012-11-17 13:06:48 [INFO] Stopping server
2012-11-17 13:06:48 [INFO] Saving players
2012-11-17 13:06:48 [INFO] Saving worlds
2012-11-17 13:06:48 [INFO] Saving chunks for level 'mcpworld'/Overworld
2012-11-17 13:06:48 [INFO] Saving chunks for level 'mcpworld'/Nether
2012-11-17 13:06:48 [INFO] Saving chunks for level 'mcpworld'/The End
2012-11-17 13:06:49 [INFO] Stopping server
2012-11-17 13:07:08 [INFO] Starting minecraft server version 1.4.4
2012-11-17 13:07:10 [INFO] Loading properties
2012-11-17 13:07:10 [INFO] Default game type: SURVIVAL
2012-11-17 13:07:10 [INFO] Generating keypair
2012-11-17 13:07:10 [INFO] Starting Minecraft server on *:25565
2012-11-17 13:07:10 [WARNING] **** SERVER IS RUNNING IN OFFLINE/INSECURE MODE!
2012-11-17 13:07:10 [WARNING] The server will make no attempt to authenticate usernames. Beware.
2012-11-17 13:07:10 [WARNING] While this makes the game possible to play without internet access, it also opens up the ability for hackers to connect with any username they choose.
2012-11-17 13:07:10 [WARNING] To change this, set "online-mode" to "true" in the server.properties file.
2012-11-17 13:07:10 [INFO] Preparing level "mcpworld"
2012-11-17 13:07:10 [INFO] Preparing start region for level 0
2012-11-17 13:07:11 [INFO] Done (1,070s)! For help, type "help" or "?"
2012-11-17 13:07:17 [INFO] User XOR,PC Developer connecting with mods [PowerCraft-Light, PowerCraft-Core, PowerCraft-Machines, PowerCraft-Transport, PowerCraft-Logic]
2012-11-17 13:07:17 [INFO] XOR,PC Developer[/127.0.0.1:50223] logged in with entity id 363 at (1.0140823973070534, 64.0, 211.07294830445528)
2012-11-17 13:07:25 [INFO] [XOR,PC Developer: Set own game mode to Creative Mode]
2012-11-17 13:07:37 [INFO] XOR,PC Developer lost connection: disconnect.genericReason
2012-11-17 13:07:38 [INFO] Stopping server
2012-11-17 13:07:38 [INFO] Saving players
2012-11-17 13:07:38 [INFO] Saving worlds
2012-11-17 13:07:38 [INFO] Saving chunks for level 'mcpworld'/Overworld
2012-11-17 13:07:38 [INFO] Saving chunks for level 'mcpworld'/Nether
2012-11-17 13:07:38 [INFO] Saving chunks for level 'mcpworld'/The End
2012-11-17 13:07:39 [INFO] Stopping server
2012-11-17 13:07:39 [INFO] Saving players
2012-11-17 13:07:39 [INFO] Saving worlds
2012-11-18 19:32:46 [INFO] Starting minecraft server version 1.4.4
2012-11-18 19:32:48 [INFO] Loading properties
2012-11-18 19:32:48 [INFO] Default game type: SURVIVAL
2012-11-18 19:32:48 [INFO] Generating keypair
2012-11-18 19:32:48 [INFO] Starting Minecraft server on *:25565
2012-11-18 19:32:48 [WARNING] **** SERVER IS RUNNING IN OFFLINE/INSECURE MODE!
2012-11-18 19:32:48 [WARNING] The server will make no attempt to authenticate usernames. Beware.
2012-11-18 19:32:48 [WARNING] While this makes the game possible to play without internet access, it also opens up the ability for hackers to connect with any username they choose.
2012-11-18 19:32:48 [WARNING] To change this, set "online-mode" to "true" in the server.properties file.
2012-11-18 19:32:48 [INFO] Preparing level "mcpworld"
2012-11-18 19:32:49 [INFO] Preparing start region for level 0
2012-11-18 19:32:50 [INFO] Preparing spawn area: 0%
2012-11-18 19:32:51 [INFO] Preparing spawn area: 72%
2012-11-18 19:32:51 [INFO] Done (2,720s)! For help, type "help" or "?"
2012-11-18 19:32:59 [INFO] /127.0.0.1:51829 lost connection
2012-11-18 19:32:59 [INFO] User XOR,PC Developer connecting with mods [PowerCraft-Light, PowerCraft-Machines, PowerCraft-Core, PowerCraft-Transport, PowerCraft-Logic]
2012-11-18 19:32:59 [INFO] XOR,PC Developer[/127.0.0.1:51826] logged in with entity id 360 at (1.067951831082963, 64.0, 211.29683857611477)
2012-11-18 19:45:10 [INFO] XOR,PC Developer lost connection: disconnect.genericReason
2012-11-18 19:45:53 [INFO] User XOR connecting with mods [PowerCraft-Light, PowerCraft-Machines, PowerCraft-Core, PowerCraft-Transport, PowerCraft-Logic]
2012-11-18 19:45:53 [INFO] XOR[/127.0.0.1:52248] logged in with entity id 6442 at (9.414453185550723, 64.0, 185.97137060752)
2012-11-18 19:46:12 [INFO] Opped XOR
2012-11-18 19:46:23 [INFO] [XOR: Given Oak Wood Stairs (ID 53) * 1 to XOR]
2012-11-18 19:46:52 [INFO] [XOR: Given Wooden Door (ID 64) * 1 to XOR]
2012-11-18 19:47:20 [INFO] [XOR: Given Monster Spawner (ID 52) * 1 to XOR]
2012-11-18 19:47:36 [INFO] [XOR: Set own game mode to Creative Mode]
2012-11-18 19:47:53 [SEVERE] Encountered an unexpected exception ReportedException
net.minecraft.src.ReportedException: Exception while ticking a block
	at net.minecraft.server.MinecraftServer.updateTimeLightAndEntities(MinecraftServer.java:587)
	at net.minecraft.src.DedicatedServer.updateTimeLightAndEntities(DedicatedServer.java:234)
	at net.minecraft.server.MinecraftServer.tick(MinecraftServer.java:511)
	at net.minecraft.server.MinecraftServer.run(MinecraftServer.java:426)
	at net.minecraft.src.ThreadMinecraftServer.run(ThreadMinecraftServer.java:17)
Caused by: java.lang.NoSuchMethodError: net.minecraft.src.TileEntityMobSpawner.getMobID()Ljava/lang/String;
	at powercraft.core.PC_Utils.spawnMobFromSpawner(PC_Utils.java:1134)
	at powercraft.logic.PClo_BlockSpecial.spawnMobsFromSpawners(PClo_BlockSpecial.java:141)
	at powercraft.logic.PClo_BlockSpecial.updateTick(PClo_BlockSpecial.java:123)
	at net.minecraft.src.WorldServer.tickUpdates(WorldServer.java:486)
	at net.minecraft.src.WorldServer.tick(WorldServer.java:121)
	at net.minecraft.server.MinecraftServer.updateTimeLightAndEntities(MinecraftServer.java:581)
	... 4 more
2012-11-18 19:47:53 [SEVERE] This crash report has been saved to: C:\Users\Nils\PowerCraft v1.4.4\jars\.\crash-reports\crash-2012-11-18_19.47.53-server.txt
2012-11-18 19:51:16 [INFO] Stopping server
2012-11-18 19:51:16 [INFO] Saving players
2012-11-18 19:51:16 [INFO] Saving worlds
2012-11-18 19:51:16 [INFO] Saving chunks for level 'mcpworld'/Overworld
2012-11-18 19:51:16 [INFO] Saving chunks for level 'mcpworld'/Nether
2012-11-18 19:51:16 [INFO] Saving chunks for level 'mcpworld'/The End
2012-11-18 19:51:16 [INFO] Stopping server
2012-11-18 19:51:16 [INFO] Saving players
2012-11-18 19:51:21 [INFO] Starting minecraft server version 1.4.4
2012-11-18 19:51:23 [INFO] Loading properties
2012-11-18 19:51:23 [INFO] Default game type: SURVIVAL
2012-11-18 19:51:23 [INFO] Generating keypair
2012-11-18 19:51:23 [INFO] Starting Minecraft server on *:25565
2012-11-18 19:51:23 [WARNING] **** SERVER IS RUNNING IN OFFLINE/INSECURE MODE!
2012-11-18 19:51:23 [WARNING] The server will make no attempt to authenticate usernames. Beware.
2012-11-18 19:51:23 [WARNING] While this makes the game possible to play without internet access, it also opens up the ability for hackers to connect with any username they choose.
2012-11-18 19:51:23 [WARNING] To change this, set "online-mode" to "true" in the server.properties file.
2012-11-18 19:51:23 [INFO] Preparing level "mcpworld"
2012-11-18 19:51:23 [INFO] Preparing start region for level 0
2012-11-18 19:51:24 [INFO] Done (0,914s)! For help, type "help" or "?"
2012-11-18 19:51:27 [INFO] User XOR connecting with mods [PowerCraft-Light, PowerCraft-Core, PowerCraft-Machines, PowerCraft-Transport, PowerCraft-Logic]
2012-11-18 19:51:27 [INFO] XOR[/127.0.0.1:52470] logged in with entity id 351 at (10.378306547737099, 64.0, 185.98683649267633)
2012-11-18 19:52:15 [INFO] XOR lost connection: disconnect.genericReason
2012-11-18 19:52:16 [INFO] Stopping server
2012-11-18 19:52:16 [INFO] Saving players
2012-11-18 19:52:16 [INFO] Saving worlds
2012-11-18 19:52:16 [INFO] Saving chunks for level 'mcpworld'/Overworld
2012-11-18 19:52:16 [INFO] Saving chunks for level 'mcpworld'/Nether
2012-11-18 19:52:16 [INFO] Saving chunks for level 'mcpworld'/The End
2012-11-18 19:52:17 [INFO] Stopping server
2012-11-18 19:52:17 [INFO] Saving players
2012-11-18 19:52:17 [INFO] Saving worlds
2012-11-18 19:52:17 [INFO] Saving chunks for level 'mcpworld'/Nether
2012-11-18 21:07:56 [INFO] Starting minecraft server version 1.4.4
2012-11-18 21:07:58 [INFO] Loading properties
2012-11-18 21:07:58 [INFO] Default game type: SURVIVAL
2012-11-18 21:07:58 [INFO] Generating keypair
2012-11-18 21:07:58 [INFO] Starting Minecraft server on *:25565
2012-11-18 21:07:58 [WARNING] **** SERVER IS RUNNING IN OFFLINE/INSECURE MODE!
2012-11-18 21:07:58 [WARNING] The server will make no attempt to authenticate usernames. Beware.
2012-11-18 21:07:58 [WARNING] While this makes the game possible to play without internet access, it also opens up the ability for hackers to connect with any username they choose.
2012-11-18 21:07:58 [WARNING] To change this, set "online-mode" to "true" in the server.properties file.
2012-11-18 21:07:58 [INFO] Preparing level "mcpworld"
2012-11-18 21:07:58 [INFO] Preparing start region for level 0
2012-11-18 21:07:58 [INFO] Done (0,131s)! For help, type "help" or "?"
2012-11-18 21:07:58 [INFO] Stopping server
2012-11-18 21:07:58 [INFO] Saving players
2012-11-18 21:07:58 [INFO] Saving worlds
2012-11-18 21:07:58 [INFO] Saving chunks for level 'mcpworld'/Overworld
2012-11-18 21:07:58 [INFO] Saving chunks for level 'mcpworld'/Nether
2012-11-18 21:07:58 [INFO] Saving chunks for level 'mcpworld'/The End
2012-11-18 21:07:58 [INFO] Stopping server
2012-11-18 21:07:58 [INFO] Saving players
2012-11-18 21:07:58 [INFO] Saving worlds
2012-11-24 19:30:44 [INFO] Starting minecraft server version 1.4.4
2012-11-24 19:30:46 [INFO] Loading properties
2012-11-24 19:30:46 [INFO] Default game type: SURVIVAL
2012-11-24 19:30:46 [INFO] Generating keypair
2012-11-24 19:30:46 [INFO] Starting Minecraft server on *:25565
2012-11-24 19:30:46 [WARNING] **** SERVER IS RUNNING IN OFFLINE/INSECURE MODE!
2012-11-24 19:30:46 [WARNING] The server will make no attempt to authenticate usernames. Beware.
2012-11-24 19:30:46 [WARNING] While this makes the game possible to play without internet access, it also opens up the ability for hackers to connect with any username they choose.
2012-11-24 19:30:46 [WARNING] To change this, set "online-mode" to "true" in the server.properties file.
2012-11-24 19:30:46 [INFO] Preparing level "mcpworld"
2012-11-24 19:30:46 [INFO] Preparing start region for level 0
2012-11-24 19:30:47 [INFO] Preparing spawn area: 54%
2012-11-24 19:30:48 [INFO] Done (1,532s)! For help, type "help" or "?"
2012-11-24 19:31:00 [INFO] User Player253 connecting with mods [PowerCraft-Light, PowerCraft-Machines, PowerCraft-Core, PowerCraft-Transport, PowerCraft-Logic]
2012-11-24 19:31:00 [INFO] Player253[/127.0.0.1:52699] logged in with entity id 340 at (3.5, 65.62000000476837, 200.5)
2012-11-24 19:31:15 [INFO] Player253 lost connection: disconnect.genericReason
2012-11-24 19:31:44 [INFO] User XOR connecting with mods [PowerCraft-Light, PowerCraft-Machines, PowerCraft-Core, PowerCraft-Transport, PowerCraft-Logic]
2012-11-24 19:31:44 [INFO] XOR[/127.0.0.1:52707] logged in with entity id 433 at (10.378306547737099, 64.0, 185.98683649267633)
2012-11-24 19:39:10 [INFO] XOR lost connection: disconnect.genericReason
2012-11-24 19:39:14 [INFO] Stopping server
2012-11-24 19:39:14 [INFO] Saving players
2012-11-24 19:39:14 [INFO] Saving worlds
2012-11-24 19:39:14 [INFO] Saving chunks for level 'mcpworld'/Overworld
2012-11-24 19:39:14 [INFO] Saving chunks for level 'mcpworld'/Nether
2012-11-24 19:39:14 [INFO] Saving chunks for level 'mcpworld'/The End
2012-11-24 22:42:58 [INFO] Starting minecraft server version 1.4.4
2012-11-24 22:42:59 [INFO] Loading properties
2012-11-24 22:42:59 [INFO] Default game type: SURVIVAL
2012-11-24 22:42:59 [INFO] Generating keypair
2012-11-24 22:43:00 [INFO] Starting Minecraft server on *:25565
2012-11-24 22:43:00 [WARNING] **** SERVER IS RUNNING IN OFFLINE/INSECURE MODE!
2012-11-24 22:43:00 [WARNING] The server will make no attempt to authenticate usernames. Beware.
2012-11-24 22:43:00 [WARNING] While this makes the game possible to play without internet access, it also opens up the ability for hackers to connect with any username they choose.
2012-11-24 22:43:00 [WARNING] To change this, set "online-mode" to "true" in the server.properties file.
2012-11-24 22:43:00 [INFO] Preparing level "mcpworld"
2012-11-24 22:43:01 [INFO] Preparing start region for level 0
2012-11-24 22:43:02 [INFO] Preparing spawn area: 51%
2012-11-24 22:43:03 [INFO] Preparing spawn area: 96%
2012-11-24 22:43:03 [INFO] Done (2,303s)! For help, type "help" or "?"
2012-11-24 22:43:15 [INFO] User XOR connecting with mods [PowerCraft-Light, PowerCraft-Machines, PowerCraft-Core, PowerCraft-Transport, PowerCraft-Logic]
2012-11-24 22:43:15 [INFO] XOR[/127.0.0.1:49767] logged in with entity id 360 at (6.274307281093797, 64.0, 186.09778135867856)
2012-11-24 22:54:40 [INFO] XOR lost connection: disconnect.genericReason
2012-11-24 22:54:43 [INFO] Stopping server
2012-11-24 22:54:43 [INFO] Saving players
2012-11-24 22:54:43 [INFO] Saving worlds
2012-11-24 22:54:43 [INFO] Saving chunks for level 'mcpworld'/Overworld
2012-11-24 22:54:43 [INFO] Saving chunks for level 'mcpworld'/Nether
2012-11-24 22:54:43 [INFO] Saving chunks for level 'mcpworld'/The End
2012-11-24 22:54:43 [INFO] Stopping server
2012-11-24 22:54:43 [INFO] Saving players
2012-11-24 22:54:43 [INFO] Saving worlds
